<?xml version="1.0" encoding="UTF-8" standalone="yes"?><!DOCTYPE report PUBLIC "-//JACOCO//DTD Report 1.1//EN" "report.dtd"><report name="Hexxagon"><sessioninfo id="DESKTOP-GQTC4A9-766c5c0c" start="1562323648492" dump="1562323653770"/><sessioninfo id="DESKTOP-GQTC4A9-4e4afc84" start="1562323902916" dump="1562323907378"/><package name="Hexxagon/Model"><class name="Hexxagon/Model/IGamePlay$StatusCode" sourcefilename="IGamePlay.java"><method name="&lt;clinit&gt;" desc="()V" line="40"><counter type="INSTRUCTION" missed="44" covered="0"/><counter type="LINE" missed="5" covered="0"/><counter type="COMPLEXITY" missed="1" covered="0"/><counter type="METHOD" missed="1" covered="0"/></method><counter type="INSTRUCTION" missed="44" covered="0"/><counter type="LINE" missed="5" covered="0"/><counter type="COMPLEXITY" missed="1" covered="0"/><counter type="METHOD" missed="1" covered="0"/><counter type="CLASS" missed="1" covered="0"/></class><class name="Hexxagon/Model/IGameData$ProcessStatusCode" sourcefilename="IGameData.java"><method name="&lt;clinit&gt;" desc="()V" line="21"><counter type="INSTRUCTION" missed="0" covered="64"/><counter type="LINE" missed="0" covered="7"/><counter type="COMPLEXITY" missed="0" covered="1"/><counter type="METHOD" missed="0" covered="1"/></method><counter type="INSTRUCTION" missed="0" covered="64"/><counter type="LINE" missed="0" covered="7"/><counter type="COMPLEXITY" missed="0" covered="1"/><counter type="METHOD" missed="0" covered="1"/><counter type="CLASS" missed="0" covered="1"/></class><class name="Hexxagon/Model/GamePlay" sourcefilename="GamePlay.java"><method name="&lt;init&gt;" desc="([[B)V" line="28"><counter type="INSTRUCTION" missed="28" covered="0"/><counter type="LINE" missed="10" covered="0"/><counter type="COMPLEXITY" missed="1" covered="0"/><counter type="METHOD" missed="1" covered="0"/></method><method name="&lt;init&gt;" desc="()V" line="28"><counter type="INSTRUCTION" missed="0" covered="19"/><counter type="LINE" missed="0" covered="7"/><counter type="COMPLEXITY" missed="0" covered="1"/><counter type="METHOD" missed="0" covered="1"/></method><method name="initialise" desc="()V" line="93"><counter type="INSTRUCTION" missed="0" covered="19"/><counter type="BRANCH" missed="0" covered="2"/><counter type="LINE" missed="0" covered="3"/><counter type="COMPLEXITY" missed="0" covered="2"/><counter type="METHOD" missed="0" covered="1"/></method><method name="testAndThrowIfStandsInvalid" desc="([[B)V" line="106"><counter type="INSTRUCTION" missed="19" covered="75"/><counter type="BRANCH" missed="4" covered="16"/><counter type="LINE" missed="2" covered="13"/><counter type="COMPLEXITY" missed="4" covered="7"/><counter type="METHOD" missed="0" covered="1"/></method><method name="getPlayerList" desc="()Ljava/util/ArrayList;" line="140"><counter type="INSTRUCTION" missed="0" covered="3"/><counter type="LINE" missed="0" covered="1"/><counter type="COMPLEXITY" missed="0" covered="1"/><counter type="METHOD" missed="0" covered="1"/></method><method name="setPlayerList" desc="(Ljava/util/ArrayList;)V" line="149"><counter type="INSTRUCTION" missed="5" covered="42"/><counter type="BRANCH" missed="2" covered="8"/><counter type="LINE" missed="1" covered="9"/><counter type="COMPLEXITY" missed="2" covered="4"/><counter type="METHOD" missed="0" covered="1"/></method><method name="getAllowedPlayerIndex" desc="()B" line="172"><counter type="INSTRUCTION" missed="3" covered="0"/><counter type="LINE" missed="1" covered="0"/><counter type="COMPLEXITY" missed="1" covered="0"/><counter type="METHOD" missed="1" covered="0"/></method><method name="setAllowedPlayerIndex" desc="(B)V" line="182"><counter type="INSTRUCTION" missed="5" covered="22"/><counter type="BRANCH" missed="2" covered="4"/><counter type="LINE" missed="1" covered="5"/><counter type="COMPLEXITY" missed="2" covered="2"/><counter type="METHOD" missed="0" covered="1"/></method><method name="getStands" desc="()[[B" line="206"><counter type="INSTRUCTION" missed="0" covered="3"/><counter type="LINE" missed="0" covered="1"/><counter type="COMPLEXITY" missed="0" covered="1"/><counter type="METHOD" missed="0" covered="1"/></method><method name="setBoard" desc="([[B)V" line="215"><counter type="INSTRUCTION" missed="0" covered="7"/><counter type="LINE" missed="0" covered="3"/><counter type="COMPLEXITY" missed="0" covered="1"/><counter type="METHOD" missed="0" covered="1"/></method><method name="getPreviouslyClickedField" desc="()LHexxagon/Model/IField;" line="243"><counter type="INSTRUCTION" missed="3" covered="0"/><counter type="LINE" missed="1" covered="0"/><counter type="COMPLEXITY" missed="1" covered="0"/><counter type="METHOD" missed="1" covered="0"/></method><method name="setPreviouslyClickedField" desc="(LHexxagon/Model/IField;)V" line="251"><counter type="INSTRUCTION" missed="4" covered="0"/><counter type="LINE" missed="2" covered="0"/><counter type="COMPLEXITY" missed="1" covered="0"/><counter type="METHOD" missed="1" covered="0"/></method><method name="isPlayerExists" desc="(B)Z" line="259"><counter type="INSTRUCTION" missed="2" covered="17"/><counter type="BRANCH" missed="2" covered="4"/><counter type="LINE" missed="1" covered="4"/><counter type="COMPLEXITY" missed="2" covered="2"/><counter type="METHOD" missed="0" covered="1"/></method><method name="addPlayer" desc="(LHexxagon/Controller/IPlayer;B)V" line="275"><counter type="INSTRUCTION" missed="45" covered="0"/><counter type="BRANCH" missed="6" covered="0"/><counter type="LINE" missed="8" covered="0"/><counter type="COMPLEXITY" missed="4" covered="0"/><counter type="METHOD" missed="1" covered="0"/></method><method name="isStandExists" desc="(II)Z" line="313"><counter type="INSTRUCTION" missed="0" covered="16"/><counter type="BRANCH" missed="0" covered="8"/><counter type="LINE" missed="0" covered="5"/><counter type="COMPLEXITY" missed="0" covered="5"/><counter type="METHOD" missed="0" covered="1"/></method><method name="getField" desc="(II)LHexxagon/Model/IField;" line="329"><counter type="INSTRUCTION" missed="26" covered="64"/><counter type="BRANCH" missed="2" covered="10"/><counter type="LINE" missed="6" covered="11"/><counter type="COMPLEXITY" missed="2" covered="5"/><counter type="METHOD" missed="0" covered="1"/></method><method name="isFinished" desc="()Z" line="363"><counter type="INSTRUCTION" missed="3" covered="0"/><counter type="LINE" missed="1" covered="0"/><counter type="COMPLEXITY" missed="1" covered="0"/><counter type="METHOD" missed="1" covered="0"/></method><method name="setIsFinished" desc="(Z)V" line="371"><counter type="INSTRUCTION" missed="4" covered="0"/><counter type="LINE" missed="2" covered="0"/><counter type="COMPLEXITY" missed="1" covered="0"/><counter type="METHOD" missed="1" covered="0"/></method><method name="setGamePlayStatus" desc="(LHexxagon/Model/IGamePlay$StatusCode;)V" line="379"><counter type="INSTRUCTION" missed="4" covered="0"/><counter type="LINE" missed="2" covered="0"/><counter type="COMPLEXITY" missed="1" covered="0"/><counter type="METHOD" missed="1" covered="0"/></method><method name="getStatus" desc="()LHexxagon/Model/IGamePlay$StatusCode;" line="387"><counter type="INSTRUCTION" missed="3" covered="0"/><counter type="LINE" missed="1" covered="0"/><counter type="COMPLEXITY" missed="1" covered="0"/><counter type="METHOD" missed="1" covered="0"/></method><method name="&lt;clinit&gt;" desc="()V" line="24"><counter type="INSTRUCTION" missed="0" covered="4"/><counter type="LINE" missed="0" covered="1"/><counter type="COMPLEXITY" missed="0" covered="1"/><counter type="METHOD" missed="0" covered="1"/></method><counter type="INSTRUCTION" missed="154" covered="291"/><counter type="BRANCH" missed="18" covered="52"/><counter type="LINE" missed="36" covered="63"/><counter type="COMPLEXITY" missed="24" covered="32"/><counter type="METHOD" missed="9" covered="12"/><counter type="CLASS" missed="0" covered="1"/></class><class name="Hexxagon/Model/GamePlay$Field" sourcefilename="GamePlay.java"><method name="&lt;init&gt;" desc="(II)V" line="404"><counter type="INSTRUCTION" missed="24" covered="31"/><counter type="BRANCH" missed="4" covered="4"/><counter type="LINE" missed="2" covered="10"/><counter type="COMPLEXITY" missed="4" covered="1"/><counter type="METHOD" missed="0" covered="1"/></method><method name="setPlayerIndex" desc="(B)V" line="446"><counter type="INSTRUCTION" missed="0" covered="4"/><counter type="LINE" missed="0" covered="2"/><counter type="COMPLEXITY" missed="0" covered="1"/><counter type="METHOD" missed="0" covered="1"/></method><method name="getPlayerIndex" desc="()B" line="454"><counter type="INSTRUCTION" missed="3" covered="0"/><counter type="LINE" missed="1" covered="0"/><counter type="COMPLEXITY" missed="1" covered="0"/><counter type="METHOD" missed="1" covered="0"/></method><method name="getColumnIndex" desc="()I" line="462"><counter type="INSTRUCTION" missed="3" covered="0"/><counter type="LINE" missed="1" covered="0"/><counter type="COMPLEXITY" missed="1" covered="0"/><counter type="METHOD" missed="1" covered="0"/></method><method name="getRowIndex" desc="()I" line="470"><counter type="INSTRUCTION" missed="3" covered="0"/><counter type="LINE" missed="1" covered="0"/><counter type="COMPLEXITY" missed="1" covered="0"/><counter type="METHOD" missed="1" covered="0"/></method><method name="isInactive" desc="()Z" line="475"><counter type="INSTRUCTION" missed="3" covered="0"/><counter type="LINE" missed="1" covered="0"/><counter type="COMPLEXITY" missed="1" covered="0"/><counter type="METHOD" missed="1" covered="0"/></method><method name="setIsInactive" desc="(Z)V" line="480"><counter type="INSTRUCTION" missed="0" covered="4"/><counter type="LINE" missed="0" covered="2"/><counter type="COMPLEXITY" missed="0" covered="1"/><counter type="METHOD" missed="0" covered="1"/></method><method name="equals" desc="(Ljava/lang/Object;)Z" line="504"><counter type="INSTRUCTION" missed="12" covered="37"/><counter type="BRANCH" missed="6" covered="8"/><counter type="LINE" missed="6" covered="10"/><counter type="COMPLEXITY" missed="6" covered="2"/><counter type="METHOD" missed="0" covered="1"/></method><counter type="INSTRUCTION" missed="48" covered="76"/><counter type="BRANCH" missed="10" covered="12"/><counter type="LINE" missed="12" covered="24"/><counter type="COMPLEXITY" missed="14" covered="5"/><counter type="METHOD" missed="4" covered="4"/><counter type="CLASS" missed="0" covered="1"/></class><class name="Hexxagon/Model/IField" sourcefilename="IField.java"/><class name="Hexxagon/Model/GameData" sourcefilename="GameData.java"><method name="&lt;init&gt;" desc="()V" line="91"><counter type="INSTRUCTION" missed="0" covered="6"/><counter type="LINE" missed="0" covered="3"/><counter type="COMPLEXITY" missed="0" covered="1"/><counter type="METHOD" missed="0" covered="1"/></method><method name="isCellExists" desc="(II)Z" line="105"><counter type="INSTRUCTION" missed="0" covered="6"/><counter type="LINE" missed="0" covered="1"/><counter type="COMPLEXITY" missed="0" covered="1"/><counter type="METHOD" missed="0" covered="1"/></method><method name="getCellAsField" desc="(II)LHexxagon/Model/IField;" line="113"><counter type="INSTRUCTION" missed="0" covered="6"/><counter type="LINE" missed="0" covered="1"/><counter type="COMPLEXITY" missed="0" covered="1"/><counter type="METHOD" missed="0" covered="1"/></method><method name="lowestPlayerIndex" desc="()B" line="123"><counter type="INSTRUCTION" missed="11" covered="33"/><counter type="BRANCH" missed="3" covered="5"/><counter type="LINE" missed="3" covered="7"/><counter type="COMPLEXITY" missed="3" covered="2"/><counter type="METHOD" missed="0" covered="1"/></method><method name="isPlayerExists" desc="(B)Z" line="148"><counter type="INSTRUCTION" missed="2" covered="24"/><counter type="BRANCH" missed="1" covered="5"/><counter type="LINE" missed="1" covered="7"/><counter type="COMPLEXITY" missed="1" covered="3"/><counter type="METHOD" missed="0" covered="1"/></method><method name="getPlayer" desc="(B)LHexxagon/Controller/IPlayer;" line="169"><counter type="INSTRUCTION" missed="17" covered="36"/><counter type="BRANCH" missed="2" covered="4"/><counter type="LINE" missed="2" covered="7"/><counter type="COMPLEXITY" missed="2" covered="2"/><counter type="METHOD" missed="0" covered="1"/></method><method name="setPlayerAsDefeated" desc="(B)V" line="192"><counter type="INSTRUCTION" missed="5" covered="48"/><counter type="BRANCH" missed="1" covered="5"/><counter type="LINE" missed="1" covered="9"/><counter type="COMPLEXITY" missed="1" covered="3"/><counter type="METHOD" missed="0" covered="1"/></method><method name="isPlayerDefeated" desc="(B)Z" line="216"><counter type="INSTRUCTION" missed="5" covered="43"/><counter type="BRANCH" missed="1" covered="5"/><counter type="LINE" missed="1" covered="7"/><counter type="COMPLEXITY" missed="1" covered="3"/><counter type="METHOD" missed="0" covered="1"/></method><method name="getPlayerBallCount" desc="(B)I" line="236"><counter type="INSTRUCTION" missed="5" covered="65"/><counter type="BRANCH" missed="1" covered="11"/><counter type="LINE" missed="1" covered="12"/><counter type="COMPLEXITY" missed="1" covered="6"/><counter type="METHOD" missed="0" covered="1"/></method><method name="getPlayerList" desc="()Ljava/util/ArrayList;" line="265"><counter type="INSTRUCTION" missed="15" covered="0"/><counter type="BRANCH" missed="4" covered="0"/><counter type="LINE" missed="5" covered="0"/><counter type="COMPLEXITY" missed="3" covered="0"/><counter type="METHOD" missed="1" covered="0"/></method><method name="getAllowedPlayerIndex" desc="()B" line="281"><counter type="INSTRUCTION" missed="4" covered="0"/><counter type="LINE" missed="1" covered="0"/><counter type="COMPLEXITY" missed="1" covered="0"/><counter type="METHOD" missed="1" covered="0"/></method><method name="setAllowedPlayerIndex" desc="(B)V" line="290"><counter type="INSTRUCTION" missed="24" covered="0"/><counter type="BRANCH" missed="2" covered="0"/><counter type="LINE" missed="6" covered="0"/><counter type="COMPLEXITY" missed="2" covered="0"/><counter type="METHOD" missed="1" covered="0"/></method><method name="getCells" desc="()[[B" line="314"><counter type="INSTRUCTION" missed="4" covered="0"/><counter type="LINE" missed="1" covered="0"/><counter type="COMPLEXITY" missed="1" covered="0"/><counter type="METHOD" missed="1" covered="0"/></method><method name="getCell" desc="(II)B" line="323"><counter type="INSTRUCTION" missed="48" covered="0"/><counter type="BRANCH" missed="8" covered="0"/><counter type="LINE" missed="6" covered="0"/><counter type="COMPLEXITY" missed="5" covered="0"/><counter type="METHOD" missed="1" covered="0"/></method><method name="isCellInactive" desc="(II)Z" line="343"><counter type="INSTRUCTION" missed="53" covered="0"/><counter type="BRANCH" missed="10" covered="0"/><counter type="LINE" missed="8" covered="0"/><counter type="COMPLEXITY" missed="6" covered="0"/><counter type="METHOD" missed="1" covered="0"/></method><method name="isCellOccupied" desc="(II)Z" line="365"><counter type="INSTRUCTION" missed="59" covered="0"/><counter type="BRANCH" missed="12" covered="0"/><counter type="LINE" missed="8" covered="0"/><counter type="COMPLEXITY" missed="7" covered="0"/><counter type="METHOD" missed="1" covered="0"/></method><method name="setCellOccupiedByPlayer" desc="(IIB)V" line="387"><counter type="INSTRUCTION" missed="69" covered="0"/><counter type="BRANCH" missed="12" covered="0"/><counter type="LINE" missed="11" covered="0"/><counter type="COMPLEXITY" missed="7" covered="0"/><counter type="METHOD" missed="1" covered="0"/></method><method name="setCellLiberated" desc="(II)V" line="414"><counter type="INSTRUCTION" missed="59" covered="0"/><counter type="BRANCH" missed="10" covered="0"/><counter type="LINE" missed="9" covered="0"/><counter type="COMPLEXITY" missed="6" covered="0"/><counter type="METHOD" missed="1" covered="0"/></method><method name="setBoardShapeOfActualGamePlay" desc="([[B)V" line="437"><counter type="INSTRUCTION" missed="12" covered="0"/><counter type="LINE" missed="4" covered="0"/><counter type="COMPLEXITY" missed="1" covered="0"/><counter type="METHOD" missed="1" covered="0"/></method><method name="getPreviousClickedField" desc="()LHexxagon/Model/IField;" line="451"><counter type="INSTRUCTION" missed="4" covered="0"/><counter type="LINE" missed="1" covered="0"/><counter type="COMPLEXITY" missed="1" covered="0"/><counter type="METHOD" missed="1" covered="0"/></method><method name="setPreviousClickedField" desc="(LHexxagon/Model/IField;)V" line="460"><counter type="INSTRUCTION" missed="15" covered="0"/><counter type="BRANCH" missed="2" covered="0"/><counter type="LINE" missed="5" covered="0"/><counter type="COMPLEXITY" missed="2" covered="0"/><counter type="METHOD" missed="1" covered="0"/></method><method name="removeLastClickedField" desc="()V" line="477"><counter type="INSTRUCTION" missed="8" covered="0"/><counter type="LINE" missed="3" covered="0"/><counter type="COMPLEXITY" missed="1" covered="0"/><counter type="METHOD" missed="1" covered="0"/></method><method name="isBoardFull" desc="()Z" line="488"><counter type="INSTRUCTION" missed="32" covered="0"/><counter type="BRANCH" missed="6" covered="0"/><counter type="LINE" missed="6" covered="0"/><counter type="COMPLEXITY" missed="4" covered="0"/><counter type="METHOD" missed="1" covered="0"/></method><method name="defeatedPlayerCount" desc="()I" line="504"><counter type="INSTRUCTION" missed="23" covered="0"/><counter type="BRANCH" missed="6" covered="0"/><counter type="LINE" missed="7" covered="0"/><counter type="COMPLEXITY" missed="4" covered="0"/><counter type="METHOD" missed="1" covered="0"/></method><method name="playerCount" desc="()I" line="522"><counter type="INSTRUCTION" missed="5" covered="0"/><counter type="LINE" missed="1" covered="0"/><counter type="COMPLEXITY" missed="1" covered="0"/><counter type="METHOD" missed="1" covered="0"/></method><method name="getPlayerPositions" desc="(B)[[I" line="532"><counter type="INSTRUCTION" missed="83" covered="0"/><counter type="BRANCH" missed="10" covered="0"/><counter type="LINE" missed="16" covered="0"/><counter type="COMPLEXITY" missed="6" covered="0"/><counter type="METHOD" missed="1" covered="0"/></method><method name="destroyActualGamePlay" desc="()V" line="568"><counter type="INSTRUCTION" missed="7" covered="0"/><counter type="LINE" missed="3" covered="0"/><counter type="COMPLEXITY" missed="1" covered="0"/><counter type="METHOD" missed="1" covered="0"/></method><method name="loadGamePlay" desc="(Ljava/lang/String;)V" line="579"><counter type="INSTRUCTION" missed="101" covered="0"/><counter type="BRANCH" missed="10" covered="0"/><counter type="LINE" missed="26" covered="0"/><counter type="COMPLEXITY" missed="6" covered="0"/><counter type="METHOD" missed="1" covered="0"/></method><method name="saveGamePlay" desc="(Ljava/lang/String;)V" line="644"><counter type="INSTRUCTION" missed="85" covered="0"/><counter type="BRANCH" missed="10" covered="0"/><counter type="LINE" missed="20" covered="0"/><counter type="COMPLEXITY" missed="6" covered="0"/><counter type="METHOD" missed="1" covered="0"/></method><method name="getActualGamePlay" desc="()LHexxagon/Model/IGamePlay;" line="687"><counter type="INSTRUCTION" missed="3" covered="0"/><counter type="LINE" missed="1" covered="0"/><counter type="COMPLEXITY" missed="1" covered="0"/><counter type="METHOD" missed="1" covered="0"/></method><method name="setActualGamePlay" desc="(LHexxagon/Model/IGamePlay;)V" line="697"><counter type="INSTRUCTION" missed="0" covered="22"/><counter type="BRANCH" missed="3" covered="3"/><counter type="LINE" missed="0" covered="5"/><counter type="COMPLEXITY" missed="3" covered="1"/><counter type="METHOD" missed="0" covered="1"/></method><method name="isGameFinished" desc="()Z" line="714"><counter type="INSTRUCTION" missed="4" covered="0"/><counter type="LINE" missed="1" covered="0"/><counter type="COMPLEXITY" missed="1" covered="0"/><counter type="METHOD" missed="1" covered="0"/></method><method name="setIsGameFinished" desc="(Z)V" line="724"><counter type="INSTRUCTION" missed="8" covered="0"/><counter type="LINE" missed="3" covered="0"/><counter type="COMPLEXITY" missed="1" covered="0"/><counter type="METHOD" missed="1" covered="0"/></method><method name="fabricateGamePlay" desc="([[B)LHexxagon/Model/IGamePlay;" line="749"><counter type="INSTRUCTION" missed="2" covered="0"/><counter type="LINE" missed="1" covered="0"/><counter type="COMPLEXITY" missed="1" covered="0"/><counter type="METHOD" missed="1" covered="0"/></method><method name="fabricateIGamePlay" desc="()LHexxagon/Model/IGamePlay;" line="764"><counter type="INSTRUCTION" missed="4" covered="0"/><counter type="LINE" missed="1" covered="0"/><counter type="COMPLEXITY" missed="1" covered="0"/><counter type="METHOD" missed="1" covered="0"/></method><method name="setGameProcessStatus" desc="(LHexxagon/Model/IGameData$ProcessStatusCode;)V" line="773"><counter type="INSTRUCTION" missed="14" covered="0"/><counter type="BRANCH" missed="2" covered="0"/><counter type="LINE" missed="5" covered="0"/><counter type="COMPLEXITY" missed="2" covered="0"/><counter type="METHOD" missed="1" covered="0"/></method><method name="getGameProcessStatus" desc="()LHexxagon/Model/IGameData$ProcessStatusCode;" line="789"><counter type="INSTRUCTION" missed="3" covered="0"/><counter type="LINE" missed="1" covered="0"/><counter type="COMPLEXITY" missed="1" covered="0"/><counter type="METHOD" missed="1" covered="0"/></method><method name="getStatus" desc="()LHexxagon/Model/IGamePlay$StatusCode;" line="797"><counter type="INSTRUCTION" missed="4" covered="0"/><counter type="LINE" missed="1" covered="0"/><counter type="COMPLEXITY" missed="1" covered="0"/><counter type="METHOD" missed="1" covered="0"/></method><method name="setGamePlayStatus" desc="(LHexxagon/Model/IGamePlay$StatusCode;)V" line="806"><counter type="INSTRUCTION" missed="5" covered="0"/><counter type="LINE" missed="2" covered="0"/><counter type="COMPLEXITY" missed="1" covered="0"/><counter type="METHOD" missed="1" covered="0"/></method><method name="&lt;clinit&gt;" desc="()V" line="33"><counter type="INSTRUCTION" missed="0" covered="4"/><counter type="LINE" missed="0" covered="1"/><counter type="COMPLEXITY" missed="0" covered="1"/><counter type="METHOD" missed="0" covered="1"/></method><counter type="INSTRUCTION" missed="802" covered="293"/><counter type="BRANCH" missed="116" covered="38"/><counter type="LINE" missed="172" covered="60"/><counter type="COMPLEXITY" missed="93" covered="24"/><counter type="METHOD" missed="29" covered="11"/><counter type="CLASS" missed="0" covered="1"/></class><class name="Hexxagon/Model/IGameData" sourcefilename="IGameData.java"/><class name="Hexxagon/Model/IGamePlay" sourcefilename="IGamePlay.java"/><sourcefile name="GamePlay.java"><line nr="24" mi="0" ci="4" mb="0" cb="0"/><line nr="28" mi="5" ci="5" mb="0" cb="0"/><line nr="33" mi="3" ci="3" mb="0" cb="0"/><line nr="56" mi="3" ci="3" mb="0" cb="0"/><line nr="70" mi="2" ci="0" mb="0" cb="0"/><line nr="71" mi="2" ci="0" mb="0" cb="0"/><line nr="74" mi="3" ci="0" mb="0" cb="0"/><line nr="77" mi="3" ci="0" mb="0" cb="0"/><line nr="78" mi="3" ci="0" mb="0" cb="0"/><line nr="80" mi="3" ci="0" mb="0" cb="0"/><line nr="82" mi="1" ci="0" mb="0" cb="0"/><line nr="87" mi="0" ci="2" mb="0" cb="0"/><line nr="88" mi="0" ci="2" mb="0" cb="0"/><line nr="89" mi="0" ci="3" mb="0" cb="0"/><line nr="90" mi="0" ci="1" mb="0" cb="0"/><line nr="93" mi="0" ci="11" mb="0" cb="2"/><line nr="94" mi="0" ci="7" mb="0" cb="0"/><line nr="96" mi="0" ci="1" mb="0" cb="0"/><line nr="106" mi="0" ci="2" mb="0" cb="2"/><line nr="107" mi="0" ci="5" mb="0" cb="0"/><line nr="110" mi="0" ci="4" mb="0" cb="2"/><line nr="111" mi="0" ci="5" mb="0" cb="0"/><line nr="114" mi="0" ci="7" mb="0" cb="2"/><line nr="115" mi="0" ci="6" mb="0" cb="2"/><line nr="116" mi="0" ci="14" mb="0" cb="0"/><line nr="119" mi="0" ci="7" mb="0" cb="2"/><line nr="120" mi="0" ci="6" mb="0" cb="0"/><line nr="122" mi="0" ci="5" mb="1" cb="3"/><line nr="123" mi="0" ci="6" mb="2" cb="2"/><line nr="124" mi="5" ci="0" mb="0" cb="0"/><line nr="127" mi="0" ci="7" mb="1" cb="1"/><line nr="128" mi="14" ci="0" mb="0" cb="0"/><line nr="133" mi="0" ci="1" mb="0" cb="0"/><line nr="140" mi="0" ci="3" mb="0" cb="0"/><line nr="149" mi="0" ci="2" mb="0" cb="2"/><line nr="150" mi="0" ci="5" mb="0" cb="0"/><line nr="153" mi="0" ci="10" mb="0" cb="2"/><line nr="154" mi="0" ci="7" mb="0" cb="2"/><line nr="155" mi="0" ci="5" mb="0" cb="0"/><line nr="158" mi="0" ci="8" mb="2" cb="2"/><line nr="159" mi="5" ci="0" mb="0" cb="0"/><line nr="161" mi="0" ci="1" mb="0" cb="0"/><line nr="164" mi="0" ci="3" mb="0" cb="0"/><line nr="165" mi="0" ci="1" mb="0" cb="0"/><line nr="172" mi="3" ci="0" mb="0" cb="0"/><line nr="182" mi="0" ci="6" mb="1" cb="3"/><line nr="183" mi="0" ci="5" mb="0" cb="0"/><line nr="186" mi="0" ci="7" mb="1" cb="1"/><line nr="187" mi="5" ci="0" mb="0" cb="0"/><line nr="191" mi="0" ci="3" mb="0" cb="0"/><line nr="192" mi="0" ci="1" mb="0" cb="0"/><line nr="206" mi="0" ci="3" mb="0" cb="0"/><line nr="215" mi="0" ci="3" mb="0" cb="0"/><line nr="234" mi="0" ci="3" mb="0" cb="0"/><line nr="236" mi="0" ci="1" mb="0" cb="0"/><line nr="243" mi="3" ci="0" mb="0" cb="0"/><line nr="251" mi="3" ci="0" mb="0" cb="0"/><line nr="252" mi="1" ci="0" mb="0" cb="0"/><line nr="259" mi="0" ci="6" mb="1" cb="3"/><line nr="260" mi="0" ci="2" mb="0" cb="0"/><line nr="263" mi="0" ci="7" mb="1" cb="1"/><line nr="264" mi="2" ci="0" mb="0" cb="0"/><line nr="266" mi="0" ci="2" mb="0" cb="0"/><line nr="275" mi="6" ci="0" mb="4" cb="0"/><line nr="276" mi="12" ci="0" mb="0" cb="0"/><line nr="279" mi="7" ci="0" mb="2" cb="0"/><line nr="280" mi="5" ci="0" mb="0" cb="0"/><line nr="284" mi="3" ci="0" mb="0" cb="0"/><line nr="285" mi="8" ci="0" mb="0" cb="0"/><line nr="288" mi="3" ci="0" mb="0" cb="0"/><line nr="306" mi="1" ci="0" mb="0" cb="0"/><line nr="313" mi="0" ci="5" mb="0" cb="4"/><line nr="314" mi="0" ci="2" mb="0" cb="0"/><line nr="317" mi="0" ci="5" mb="0" cb="4"/><line nr="318" mi="0" ci="2" mb="0" cb="0"/><line nr="321" mi="0" ci="2" mb="0" cb="0"/><line nr="329" mi="0" ci="5" mb="0" cb="4"/><line nr="330" mi="0" ci="14" mb="0" cb="0"/><line nr="333" mi="0" ci="5" mb="0" cb="4"/><line nr="334" mi="0" ci="14" mb="0" cb="0"/><line nr="337" mi="0" ci="7" mb="0" cb="0"/><line nr="339" mi="0" ci="2" mb="1" cb="1"/><line nr="340" mi="6" ci="0" mb="0" cb="0"/><line nr="341" mi="3" ci="0" mb="0" cb="0"/><line nr="342" mi="4" ci="0" mb="0" cb="0"/><line nr="344" mi="0" ci="3" mb="1" cb="1"/><line nr="345" mi="6" ci="0" mb="0" cb="0"/><line nr="346" mi="3" ci="0" mb="0" cb="0"/><line nr="347" mi="4" ci="0" mb="0" cb="0"/><line nr="350" mi="0" ci="6" mb="0" cb="0"/><line nr="351" mi="0" ci="3" mb="0" cb="0"/><line nr="352" mi="0" ci="3" mb="0" cb="0"/><line nr="355" mi="0" ci="2" mb="0" cb="0"/><line nr="363" mi="3" ci="0" mb="0" cb="0"/><line nr="371" mi="3" ci="0" mb="0" cb="0"/><line nr="372" mi="1" ci="0" mb="0" cb="0"/><line nr="379" mi="3" ci="0" mb="0" cb="0"/><line nr="380" mi="1" ci="0" mb="0" cb="0"/><line nr="387" mi="3" ci="0" mb="0" cb="0"/><line nr="404" mi="0" ci="3" mb="0" cb="0"/><line nr="408" mi="0" ci="3" mb="0" cb="0"/><line nr="412" mi="0" ci="3" mb="0" cb="0"/><line nr="418" mi="0" ci="3" mb="0" cb="0"/><line nr="427" mi="0" ci="2" mb="0" cb="0"/><line nr="429" mi="0" ci="5" mb="2" cb="2"/><line nr="430" mi="12" ci="0" mb="0" cb="0"/><line nr="432" mi="0" ci="5" mb="2" cb="2"/><line nr="433" mi="12" ci="0" mb="0" cb="0"/><line nr="437" mi="0" ci="3" mb="0" cb="0"/><line nr="438" mi="0" ci="3" mb="0" cb="0"/><line nr="439" mi="0" ci="1" mb="0" cb="0"/><line nr="446" mi="0" ci="3" mb="0" cb="0"/><line nr="447" mi="0" ci="1" mb="0" cb="0"/><line nr="454" mi="3" ci="0" mb="0" cb="0"/><line nr="462" mi="3" ci="0" mb="0" cb="0"/><line nr="470" mi="3" ci="0" mb="0" cb="0"/><line nr="475" mi="3" ci="0" mb="0" cb="0"/><line nr="480" mi="0" ci="3" mb="0" cb="0"/><line nr="481" mi="0" ci="1" mb="0" cb="0"/><line nr="504" mi="0" ci="3" mb="1" cb="1"/><line nr="505" mi="2" ci="0" mb="0" cb="0"/><line nr="507" mi="0" ci="2" mb="1" cb="1"/><line nr="508" mi="2" ci="0" mb="0" cb="0"/><line nr="510" mi="0" ci="5" mb="1" cb="1"/><line nr="511" mi="2" ci="0" mb="0" cb="0"/><line nr="513" mi="0" ci="3" mb="0" cb="0"/><line nr="514" mi="0" ci="5" mb="0" cb="2"/><line nr="515" mi="0" ci="2" mb="0" cb="0"/><line nr="517" mi="0" ci="5" mb="1" cb="1"/><line nr="518" mi="2" ci="0" mb="0" cb="0"/><line nr="520" mi="0" ci="5" mb="1" cb="1"/><line nr="521" mi="2" ci="0" mb="0" cb="0"/><line nr="523" mi="0" ci="5" mb="1" cb="1"/><line nr="524" mi="2" ci="0" mb="0" cb="0"/><line nr="526" mi="0" ci="2" mb="0" cb="0"/><counter type="INSTRUCTION" missed="202" covered="367"/><counter type="BRANCH" missed="28" covered="64"/><counter type="LINE" missed="48" covered="87"/><counter type="COMPLEXITY" missed="38" covered="37"/><counter type="METHOD" missed="13" covered="16"/><counter type="CLASS" missed="0" covered="2"/></sourcefile><sourcefile name="GameData.java"><line nr="33" mi="0" ci="4" mb="0" cb="0"/><line nr="91" mi="0" ci="3" mb="0" cb="0"/><line nr="96" mi="0" ci="2" mb="0" cb="0"/><line nr="98" mi="0" ci="1" mb="0" cb="0"/><line nr="105" mi="0" ci="6" mb="0" cb="0"/><line nr="113" mi="0" ci="6" mb="0" cb="0"/><line nr="123" mi="0" ci="3" mb="0" cb="2"/><line nr="124" mi="0" ci="5" mb="0" cb="0"/><line nr="126" mi="0" ci="4" mb="0" cb="0"/><line nr="127" mi="0" ci="2" mb="1" cb="1"/><line nr="128" mi="5" ci="0" mb="0" cb="0"/><line nr="132" mi="0" ci="10" mb="1" cb="1"/><line nr="133" mi="0" ci="2" mb="1" cb="1"/><line nr="134" mi="0" ci="7" mb="0" cb="0"/><line nr="136" mi="1" ci="0" mb="0" cb="0"/><line nr="137" mi="5" ci="0" mb="0" cb="0"/><line nr="148" mi="0" ci="3" mb="0" cb="2"/><line nr="149" mi="0" ci="2" mb="0" cb="0"/><line nr="151" mi="0" ci="4" mb="1" cb="1"/><line nr="152" mi="2" ci="0" mb="0" cb="0"/><line nr="156" mi="0" ci="5" mb="0" cb="0"/><line nr="157" mi="0" ci="6" mb="0" cb="2"/><line nr="158" mi="0" ci="2" mb="0" cb="0"/><line nr="160" mi="0" ci="2" mb="0" cb="0"/><line nr="169" mi="0" ci="3" mb="0" cb="2"/><line nr="170" mi="0" ci="5" mb="0" cb="0"/><line nr="172" mi="0" ci="4" mb="1" cb="1"/><line nr="173" mi="5" ci="0" mb="0" cb="0"/><line nr="176" mi="0" ci="5" mb="0" cb="0"/><line nr="177" mi="0" ci="6" mb="1" cb="1"/><line nr="178" mi="12" ci="0" mb="0" cb="0"/><line nr="182" mi="0" ci="6" mb="0" cb="0"/><line nr="183" mi="0" ci="7" mb="0" cb="0"/><line nr="192" mi="0" ci="3" mb="0" cb="2"/><line nr="193" mi="0" ci="5" mb="0" cb="0"/><line nr="195" mi="0" ci="4" mb="1" cb="1"/><line nr="196" mi="5" ci="0" mb="0" cb="0"/><line nr="198" mi="0" ci="5" mb="0" cb="2"/><line nr="199" mi="0" ci="14" mb="0" cb="0"/><line nr="203" mi="0" ci="9" mb="0" cb="0"/><line nr="204" mi="0" ci="4" mb="0" cb="0"/><line nr="207" mi="0" ci="3" mb="0" cb="0"/><line nr="208" mi="0" ci="1" mb="0" cb="0"/><line nr="216" mi="0" ci="3" mb="0" cb="2"/><line nr="217" mi="0" ci="5" mb="0" cb="0"/><line nr="219" mi="0" ci="4" mb="1" cb="1"/><line nr="220" mi="5" ci="0" mb="0" cb="0"/><line nr="222" mi="0" ci="5" mb="0" cb="2"/><line nr="223" mi="0" ci="14" mb="0" cb="0"/><line nr="226" mi="0" ci="9" mb="0" cb="0"/><line nr="227" mi="0" ci="3" mb="0" cb="0"/><line nr="236" mi="0" ci="3" mb="0" cb="2"/><line nr="237" mi="0" ci="5" mb="0" cb="0"/><line nr="239" mi="0" ci="4" mb="1" cb="1"/><line nr="240" mi="5" ci="0" mb="0" cb="0"/><line nr="242" mi="0" ci="5" mb="0" cb="2"/><line nr="243" mi="0" ci="14" mb="0" cb="0"/><line nr="247" mi="0" ci="2" mb="0" cb="0"/><line nr="248" mi="0" ci="4" mb="0" cb="0"/><line nr="249" mi="0" ci="8" mb="0" cb="2"/><line nr="250" mi="0" ci="10" mb="0" cb="2"/><line nr="251" mi="0" ci="7" mb="0" cb="2"/><line nr="252" mi="0" ci="1" mb="0" cb="0"/><line nr="257" mi="0" ci="2" mb="0" cb="0"/><line nr="265" mi="3" ci="0" mb="2" cb="0"/><line nr="266" mi="2" ci="0" mb="0" cb="0"/><line nr="268" mi="4" ci="0" mb="2" cb="0"/><line nr="269" mi="2" ci="0" mb="0" cb="0"/><line nr="273" mi="4" ci="0" mb="0" cb="0"/><line nr="281" mi="4" ci="0" mb="0" cb="0"/><line nr="290" mi="5" ci="0" mb="0" cb="0"/><line nr="291" mi="6" ci="0" mb="2" cb="0"/><line nr="292" mi="5" ci="0" mb="0" cb="0"/><line nr="296" mi="4" ci="0" mb="0" cb="0"/><line nr="299" mi="3" ci="0" mb="0" cb="0"/><line nr="300" mi="1" ci="0" mb="0" cb="0"/><line nr="314" mi="4" ci="0" mb="0" cb="0"/><line nr="323" mi="5" ci="0" mb="4" cb="0"/><line nr="324" mi="14" ci="0" mb="0" cb="0"/><line nr="327" mi="5" ci="0" mb="4" cb="0"/><line nr="328" mi="14" ci="0" mb="0" cb="0"/><line nr="331" mi="4" ci="0" mb="0" cb="0"/><line nr="333" mi="6" ci="0" mb="0" cb="0"/><line nr="343" mi="5" ci="0" mb="4" cb="0"/><line nr="344" mi="14" ci="0" mb="0" cb="0"/><line nr="347" mi="5" ci="0" mb="4" cb="0"/><line nr="348" mi="14" ci="0" mb="0" cb="0"/><line nr="351" mi="4" ci="0" mb="0" cb="0"/><line nr="353" mi="7" ci="0" mb="2" cb="0"/><line nr="354" mi="2" ci="0" mb="0" cb="0"/><line nr="356" mi="2" ci="0" mb="0" cb="0"/><line nr="365" mi="5" ci="0" mb="4" cb="0"/><line nr="366" mi="14" ci="0" mb="0" cb="0"/><line nr="369" mi="5" ci="0" mb="4" cb="0"/><line nr="370" mi="14" ci="0" mb="0" cb="0"/><line nr="373" mi="4" ci="0" mb="0" cb="0"/><line nr="375" mi="13" ci="0" mb="4" cb="0"/><line nr="376" mi="2" ci="0" mb="0" cb="0"/><line nr="378" mi="2" ci="0" mb="0" cb="0"/><line nr="387" mi="5" ci="0" mb="4" cb="0"/><line nr="388" mi="14" ci="0" mb="0" cb="0"/><line nr="391" mi="5" ci="0" mb="4" cb="0"/><line nr="392" mi="14" ci="0" mb="0" cb="0"/><line nr="395" mi="5" ci="0" mb="2" cb="0"/><line nr="396" mi="5" ci="0" mb="0" cb="0"/><line nr="399" mi="5" ci="0" mb="2" cb="0"/><line nr="400" mi="5" ci="0" mb="0" cb="0"/><line nr="404" mi="4" ci="0" mb="0" cb="0"/><line nr="405" mi="6" ci="0" mb="0" cb="0"/><line nr="406" mi="1" ci="0" mb="0" cb="0"/><line nr="414" mi="5" ci="0" mb="4" cb="0"/><line nr="415" mi="14" ci="0" mb="0" cb="0"/><line nr="418" mi="5" ci="0" mb="4" cb="0"/><line nr="419" mi="14" ci="0" mb="0" cb="0"/><line nr="422" mi="5" ci="0" mb="2" cb="0"/><line nr="423" mi="5" ci="0" mb="0" cb="0"/><line nr="427" mi="4" ci="0" mb="0" cb="0"/><line nr="428" mi="6" ci="0" mb="0" cb="0"/><line nr="429" mi="1" ci="0" mb="0" cb="0"/><line nr="437" mi="4" ci="0" mb="0" cb="0"/><line nr="440" mi="4" ci="0" mb="0" cb="0"/><line nr="443" mi="3" ci="0" mb="0" cb="0"/><line nr="444" mi="1" ci="0" mb="0" cb="0"/><line nr="451" mi="4" ci="0" mb="0" cb="0"/><line nr="460" mi="2" ci="0" mb="2" cb="0"/><line nr="461" mi="5" ci="0" mb="0" cb="0"/><line nr="465" mi="4" ci="0" mb="0" cb="0"/><line nr="468" mi="3" ci="0" mb="0" cb="0"/><line nr="469" mi="1" ci="0" mb="0" cb="0"/><line nr="477" mi="4" ci="0" mb="0" cb="0"/><line nr="480" mi="3" ci="0" mb="0" cb="0"/><line nr="481" mi="1" ci="0" mb="0" cb="0"/><line nr="488" mi="4" ci="0" mb="0" cb="0"/><line nr="489" mi="8" ci="0" mb="2" cb="0"/><line nr="490" mi="10" ci="0" mb="2" cb="0"/><line nr="491" mi="6" ci="0" mb="2" cb="0"/><line nr="492" mi="2" ci="0" mb="0" cb="0"/><line nr="496" mi="2" ci="0" mb="0" cb="0"/><line nr="504" mi="2" ci="0" mb="0" cb="0"/><line nr="506" mi="12" ci="0" mb="2" cb="0"/><line nr="507" mi="2" ci="0" mb="2" cb="0"/><line nr="508" mi="3" ci="0" mb="2" cb="0"/><line nr="509" mi="1" ci="0" mb="0" cb="0"/><line nr="512" mi="1" ci="0" mb="0" cb="0"/><line nr="514" mi="2" ci="0" mb="0" cb="0"/><line nr="522" mi="5" ci="0" mb="0" cb="0"/><line nr="532" mi="5" ci="0" mb="2" cb="0"/><line nr="533" mi="5" ci="0" mb="0" cb="0"/><line nr="537" mi="2" ci="0" mb="0" cb="0"/><line nr="538" mi="4" ci="0" mb="0" cb="0"/><line nr="541" mi="9" ci="0" mb="2" cb="0"/><line nr="542" mi="6" ci="0" mb="0" cb="0"/><line nr="543" mi="6" ci="0" mb="0" cb="0"/><line nr="547" mi="2" ci="0" mb="0" cb="0"/><line nr="548" mi="4" ci="0" mb="0" cb="0"/><line nr="549" mi="8" ci="0" mb="2" cb="0"/><line nr="550" mi="10" ci="0" mb="2" cb="0"/><line nr="551" mi="7" ci="0" mb="2" cb="0"/><line nr="552" mi="6" ci="0" mb="0" cb="0"/><line nr="553" mi="6" ci="0" mb="0" cb="0"/><line nr="555" mi="1" ci="0" mb="0" cb="0"/><line nr="558" mi="2" ci="0" mb="0" cb="0"/><line nr="568" mi="3" ci="0" mb="0" cb="0"/><line nr="571" mi="3" ci="0" mb="0" cb="0"/><line nr="572" mi="1" ci="0" mb="0" cb="0"/><line nr="579" mi="9" ci="0" mb="0" cb="0"/><line nr="580" mi="5" ci="0" mb="0" cb="0"/><line nr="583" mi="12" ci="0" mb="6" cb="0"/><line nr="586" mi="5" ci="0" mb="0" cb="0"/><line nr="590" mi="3" ci="0" mb="2" cb="0"/><line nr="591" mi="4" ci="0" mb="0" cb="0"/><line nr="596" mi="7" ci="0" mb="0" cb="0"/><line nr="598" mi="7" ci="0" mb="0" cb="0"/><line nr="601" mi="5" ci="0" mb="0" cb="0"/><line nr="604" mi="4" ci="0" mb="0" cb="0"/><line nr="605" mi="3" ci="0" mb="0" cb="0"/><line nr="606" mi="3" ci="0" mb="2" cb="0"/><line nr="607" mi="3" ci="0" mb="0" cb="0"/><line nr="611" mi="2" ci="0" mb="0" cb="0"/><line nr="613" mi="1" ci="0" mb="0" cb="0"/><line nr="614" mi="5" ci="0" mb="0" cb="0"/><line nr="615" mi="1" ci="0" mb="0" cb="0"/><line nr="618" mi="2" ci="0" mb="0" cb="0"/><line nr="624" mi="1" ci="0" mb="0" cb="0"/><line nr="625" mi="5" ci="0" mb="0" cb="0"/><line nr="627" mi="1" ci="0" mb="0" cb="0"/><line nr="628" mi="5" ci="0" mb="0" cb="0"/><line nr="629" mi="1" ci="0" mb="0" cb="0"/><line nr="632" mi="3" ci="0" mb="0" cb="0"/><line nr="635" mi="3" ci="0" mb="0" cb="0"/><line nr="636" mi="1" ci="0" mb="0" cb="0"/><line nr="644" mi="12" ci="0" mb="6" cb="0"/><line nr="645" mi="5" ci="0" mb="0" cb="0"/><line nr="649" mi="5" ci="0" mb="0" cb="0"/><line nr="650" mi="3" ci="0" mb="2" cb="0"/><line nr="651" mi="3" ci="0" mb="0" cb="0"/><line nr="655" mi="3" ci="0" mb="2" cb="0"/><line nr="656" mi="5" ci="0" mb="0" cb="0"/><line nr="660" mi="11" ci="0" mb="0" cb="0"/><line nr="663" mi="7" ci="0" mb="0" cb="0"/><line nr="664" mi="7" ci="0" mb="0" cb="0"/><line nr="665" mi="4" ci="0" mb="0" cb="0"/><line nr="666" mi="2" ci="0" mb="0" cb="0"/><line nr="667" mi="2" ci="0" mb="0" cb="0"/><line nr="671" mi="2" ci="0" mb="0" cb="0"/><line nr="673" mi="1" ci="0" mb="0" cb="0"/><line nr="674" mi="5" ci="0" mb="0" cb="0"/><line nr="676" mi="1" ci="0" mb="0" cb="0"/><line nr="677" mi="5" ci="0" mb="0" cb="0"/><line nr="678" mi="1" ci="0" mb="0" cb="0"/><line nr="679" mi="1" ci="0" mb="0" cb="0"/><line nr="687" mi="3" ci="0" mb="0" cb="0"/><line nr="697" mi="0" ci="12" mb="3" cb="3"/><line nr="702" mi="0" ci="3" mb="0" cb="0"/><line nr="703" mi="0" ci="3" mb="0" cb="0"/><line nr="706" mi="0" ci="3" mb="0" cb="0"/><line nr="707" mi="0" ci="1" mb="0" cb="0"/><line nr="714" mi="4" ci="0" mb="0" cb="0"/><line nr="724" mi="4" ci="0" mb="0" cb="0"/><line nr="727" mi="3" ci="0" mb="0" cb="0"/><line nr="728" mi="1" ci="0" mb="0" cb="0"/><line nr="749" mi="2" ci="0" mb="0" cb="0"/><line nr="764" mi="4" ci="0" mb="0" cb="0"/><line nr="773" mi="2" ci="0" mb="2" cb="0"/><line nr="774" mi="5" ci="0" mb="0" cb="0"/><line nr="778" mi="3" ci="0" mb="0" cb="0"/><line nr="781" mi="3" ci="0" mb="0" cb="0"/><line nr="782" mi="1" ci="0" mb="0" cb="0"/><line nr="789" mi="3" ci="0" mb="0" cb="0"/><line nr="797" mi="4" ci="0" mb="0" cb="0"/><line nr="806" mi="4" ci="0" mb="0" cb="0"/><line nr="807" mi="1" ci="0" mb="0" cb="0"/><counter type="INSTRUCTION" missed="802" covered="293"/><counter type="BRANCH" missed="116" covered="38"/><counter type="LINE" missed="172" covered="60"/><counter type="COMPLEXITY" missed="93" covered="24"/><counter type="METHOD" missed="29" covered="11"/><counter type="CLASS" missed="0" covered="1"/></sourcefile><sourcefile name="IField.java"/><sourcefile name="IGameData.java"><line nr="21" mi="0" ci="28" mb="0" cb="0"/><line nr="25" mi="0" ci="6" mb="0" cb="0"/><line nr="29" mi="0" ci="6" mb="0" cb="0"/><line nr="33" mi="0" ci="6" mb="0" cb="0"/><line nr="37" mi="0" ci="6" mb="0" cb="0"/><line nr="41" mi="0" ci="6" mb="0" cb="0"/><line nr="45" mi="0" ci="6" mb="0" cb="0"/><counter type="INSTRUCTION" missed="0" covered="64"/><counter type="LINE" missed="0" covered="7"/><counter type="COMPLEXITY" missed="0" covered="1"/><counter type="METHOD" missed="0" covered="1"/><counter type="CLASS" missed="0" covered="1"/></sourcefile><sourcefile name="IGamePlay.java"><line nr="40" mi="20" ci="0" mb="0" cb="0"/><line nr="45" mi="6" ci="0" mb="0" cb="0"/><line nr="49" mi="6" ci="0" mb="0" cb="0"/><line nr="53" mi="6" ci="0" mb="0" cb="0"/><line nr="57" mi="6" ci="0" mb="0" cb="0"/><counter type="INSTRUCTION" missed="44" covered="0"/><counter type="LINE" missed="5" covered="0"/><counter type="COMPLEXITY" missed="1" covered="0"/><counter type="METHOD" missed="1" covered="0"/><counter type="CLASS" missed="1" covered="0"/></sourcefile><counter type="INSTRUCTION" missed="1048" covered="724"/><counter type="BRANCH" missed="144" covered="102"/><counter type="LINE" missed="225" covered="154"/><counter type="COMPLEXITY" missed="132" covered="62"/><counter type="METHOD" missed="43" covered="28"/><counter type="CLASS" missed="1" covered="4"/></package><package name="Window"><class name="Window/IntroPage" sourcefilename="IntroPage.java"><method name="&lt;init&gt;" desc="(Ljava/lang/Object;)V" line="63"><counter type="INSTRUCTION" missed="0" covered="4"/><counter type="LINE" missed="0" covered="2"/><counter type="COMPLEXITY" missed="0" covered="1"/><counter type="METHOD" missed="0" covered="1"/></method><method name="initComponent" desc="()V" line="73"><counter type="INSTRUCTION" missed="23" covered="0"/><counter type="LINE" missed="5" covered="0"/><counter type="COMPLEXITY" missed="1" covered="0"/><counter type="METHOD" missed="1" covered="0"/></method><method name="drawContent" desc="()Ljava/lang/Object;" line="107"><counter type="INSTRUCTION" missed="256" covered="0"/><counter type="LINE" missed="54" covered="0"/><counter type="COMPLEXITY" missed="1" covered="0"/><counter type="METHOD" missed="1" covered="0"/></method><method name="onAfterDraw" desc="()V" line="204"><counter type="INSTRUCTION" missed="1" covered="0"/><counter type="LINE" missed="1" covered="0"/><counter type="COMPLEXITY" missed="1" covered="0"/><counter type="METHOD" missed="1" covered="0"/></method><method name="modelPropertyChange" desc="(Ljava/beans/PropertyChangeEvent;)V" line="211"><counter type="INSTRUCTION" missed="4" covered="0"/><counter type="LINE" missed="2" covered="0"/><counter type="COMPLEXITY" missed="1" covered="0"/><counter type="METHOD" missed="1" covered="0"/></method><method name="lambda$initComponent$1" desc="(Ljavafx/scene/input/MouseEvent;)V" line="90"><counter type="INSTRUCTION" missed="10" covered="0"/><counter type="LINE" missed="5" covered="0"/><counter type="COMPLEXITY" missed="1" covered="0"/><counter type="METHOD" missed="1" covered="0"/></method><method name="lambda$initComponent$0" desc="(Ljavafx/scene/input/MouseEvent;)V" line="77"><counter type="INSTRUCTION" missed="10" covered="0"/><counter type="LINE" missed="5" covered="0"/><counter type="COMPLEXITY" missed="1" covered="0"/><counter type="METHOD" missed="1" covered="0"/></method><method name="&lt;clinit&gt;" desc="()V" line="37"><counter type="INSTRUCTION" missed="0" covered="25"/><counter type="LINE" missed="0" covered="4"/><counter type="COMPLEXITY" missed="0" covered="1"/><counter type="METHOD" missed="0" covered="1"/></method><counter type="INSTRUCTION" missed="304" covered="29"/><counter type="LINE" missed="72" covered="6"/><counter type="COMPLEXITY" missed="6" covered="2"/><counter type="METHOD" missed="6" covered="2"/><counter type="CLASS" missed="0" covered="1"/></class><class name="Window/JFXPage" sourcefilename="JFXPage.java"><method name="&lt;init&gt;" desc="(Ljava/lang/Object;)V" line="35"><counter type="INSTRUCTION" missed="0" covered="7"/><counter type="LINE" missed="0" covered="3"/><counter type="COMPLEXITY" missed="0" covered="1"/><counter type="METHOD" missed="0" covered="1"/></method><method name="getContainer" desc="()LWindow/IContainer;" line="45"><counter type="INSTRUCTION" missed="4" covered="0"/><counter type="LINE" missed="1" covered="0"/><counter type="COMPLEXITY" missed="1" covered="0"/><counter type="METHOD" missed="1" covered="0"/></method><method name="display" desc="()V" line="54"><counter type="INSTRUCTION" missed="58" covered="0"/><counter type="LINE" missed="24" covered="0"/><counter type="COMPLEXITY" missed="1" covered="0"/><counter type="METHOD" missed="1" covered="0"/></method><method name="&lt;clinit&gt;" desc="()V" line="27"><counter type="INSTRUCTION" missed="0" covered="4"/><counter type="LINE" missed="0" covered="1"/><counter type="COMPLEXITY" missed="0" covered="1"/><counter type="METHOD" missed="0" covered="1"/></method><counter type="INSTRUCTION" missed="62" covered="11"/><counter type="LINE" missed="25" covered="4"/><counter type="COMPLEXITY" missed="2" covered="2"/><counter type="METHOD" missed="2" covered="2"/><counter type="CLASS" missed="0" covered="1"/></class><class name="Window/InfoPage" sourcefilename="InfoPage.java"><method name="&lt;init&gt;" desc="(Ljava/lang/Object;)V" line="46"><counter type="INSTRUCTION" missed="4" covered="0"/><counter type="LINE" missed="2" covered="0"/><counter type="COMPLEXITY" missed="1" covered="0"/><counter type="METHOD" missed="1" covered="0"/></method><method name="initComponent" desc="()V" line="52"><counter type="INSTRUCTION" missed="54" covered="0"/><counter type="LINE" missed="11" covered="0"/><counter type="COMPLEXITY" missed="1" covered="0"/><counter type="METHOD" missed="1" covered="0"/></method><method name="drawContent" desc="()Ljava/lang/Object;" line="93"><counter type="INSTRUCTION" missed="73" covered="0"/><counter type="LINE" missed="15" covered="0"/><counter type="COMPLEXITY" missed="1" covered="0"/><counter type="METHOD" missed="1" covered="0"/></method><method name="modelPropertyChange" desc="(Ljava/beans/PropertyChangeEvent;)V" line="124"><counter type="INSTRUCTION" missed="1" covered="0"/><counter type="LINE" missed="1" covered="0"/><counter type="COMPLEXITY" missed="1" covered="0"/><counter type="METHOD" missed="1" covered="0"/></method><method name="onAfterDraw" desc="()V" line="129"><counter type="INSTRUCTION" missed="1" covered="0"/><counter type="LINE" missed="1" covered="0"/><counter type="COMPLEXITY" missed="1" covered="0"/><counter type="METHOD" missed="1" covered="0"/></method><method name="lambda$initComponent$0" desc="(Ljavafx/scene/input/MouseEvent;)V" line="56"><counter type="INSTRUCTION" missed="16" covered="0"/><counter type="LINE" missed="7" covered="0"/><counter type="COMPLEXITY" missed="1" covered="0"/><counter type="METHOD" missed="1" covered="0"/></method><method name="&lt;clinit&gt;" desc="()V" line="29"><counter type="INSTRUCTION" missed="11" covered="0"/><counter type="LINE" missed="2" covered="0"/><counter type="COMPLEXITY" missed="1" covered="0"/><counter type="METHOD" missed="1" covered="0"/></method><counter type="INSTRUCTION" missed="160" covered="0"/><counter type="LINE" missed="39" covered="0"/><counter type="COMPLEXITY" missed="7" covered="0"/><counter type="METHOD" missed="7" covered="0"/><counter type="CLASS" missed="1" covered="0"/></class><class name="Window/IIntroPage" sourcefilename="IIntroPage.java"/><class name="Window/ISettingsPage" sourcefilename="ISettingsPage.java"/><class name="Window/IStorage$IBoardModeItem$IPlayerRow" sourcefilename="IStorage.java"/><class name="Window/IStorage" sourcefilename="IStorage.java"/><class name="Window/IContainer" sourcefilename="IContainer.java"/><class name="Window/SettingsPage" sourcefilename="SettingsPage.java"><method name="&lt;init&gt;" desc="(Ljava/lang/Object;)V" line="65"><counter type="INSTRUCTION" missed="0" covered="4"/><counter type="LINE" missed="0" covered="2"/><counter type="COMPLEXITY" missed="0" covered="1"/><counter type="METHOD" missed="0" covered="1"/></method><method name="initComponent" desc="()V" line="75"><counter type="INSTRUCTION" missed="161" covered="0"/><counter type="BRANCH" missed="4" covered="0"/><counter type="LINE" missed="27" covered="0"/><counter type="COMPLEXITY" missed="3" covered="0"/><counter type="METHOD" missed="1" covered="0"/></method><method name="drawContent" desc="()Ljava/lang/Object;" line="182"><counter type="INSTRUCTION" missed="81" covered="0"/><counter type="LINE" missed="18" covered="0"/><counter type="COMPLEXITY" missed="1" covered="0"/><counter type="METHOD" missed="1" covered="0"/></method><method name="createMenuPanel" desc="()Ljavafx/scene/layout/StackPane;" line="221"><counter type="INSTRUCTION" missed="63" covered="0"/><counter type="LINE" missed="13" covered="0"/><counter type="COMPLEXITY" missed="1" covered="0"/><counter type="METHOD" missed="1" covered="0"/></method><method name="onAfterDraw" desc="()V" line="247"><counter type="INSTRUCTION" missed="1" covered="0"/><counter type="LINE" missed="1" covered="0"/><counter type="COMPLEXITY" missed="1" covered="0"/><counter type="METHOD" missed="1" covered="0"/></method><method name="modelPropertyChange" desc="(Ljava/beans/PropertyChangeEvent;)V" line="257"><counter type="INSTRUCTION" missed="66" covered="0"/><counter type="BRANCH" missed="12" covered="0"/><counter type="LINE" missed="19" covered="0"/><counter type="COMPLEXITY" missed="7" covered="0"/><counter type="METHOD" missed="1" covered="0"/></method><method name="lambda$initComponent$3" desc="(Ljavafx/event/Event;)V" line="149"><counter type="INSTRUCTION" missed="16" covered="0"/><counter type="LINE" missed="6" covered="0"/><counter type="COMPLEXITY" missed="1" covered="0"/><counter type="METHOD" missed="1" covered="0"/></method><method name="lambda$initComponent$2" desc="(Ljavafx/event/Event;)V" line="115"><counter type="INSTRUCTION" missed="16" covered="0"/><counter type="LINE" missed="6" covered="0"/><counter type="COMPLEXITY" missed="1" covered="0"/><counter type="METHOD" missed="1" covered="0"/></method><method name="lambda$initComponent$1" desc="(Ljavafx/scene/input/MouseEvent;)V" line="97"><counter type="INSTRUCTION" missed="10" covered="0"/><counter type="LINE" missed="5" covered="0"/><counter type="COMPLEXITY" missed="1" covered="0"/><counter type="METHOD" missed="1" covered="0"/></method><method name="lambda$initComponent$0" desc="(Ljavafx/scene/input/MouseEvent;)V" line="84"><counter type="INSTRUCTION" missed="10" covered="0"/><counter type="LINE" missed="5" covered="0"/><counter type="COMPLEXITY" missed="1" covered="0"/><counter type="METHOD" missed="1" covered="0"/></method><method name="&lt;clinit&gt;" desc="()V" line="38"><counter type="INSTRUCTION" missed="0" covered="11"/><counter type="LINE" missed="0" covered="2"/><counter type="COMPLEXITY" missed="0" covered="1"/><counter type="METHOD" missed="0" covered="1"/></method><counter type="INSTRUCTION" missed="424" covered="15"/><counter type="BRANCH" missed="16" covered="0"/><counter type="LINE" missed="100" covered="4"/><counter type="COMPLEXITY" missed="17" covered="2"/><counter type="METHOD" missed="9" covered="2"/><counter type="CLASS" missed="0" covered="1"/></class><class name="Window/IPlayPage" sourcefilename="IPlayPage.java"/><class name="Window/SettingsPage$1" sourcefilename="SettingsPage.java"><method name="&lt;init&gt;" desc="(LWindow/SettingsPage;)V" line="123"><counter type="INSTRUCTION" missed="6" covered="0"/><counter type="LINE" missed="1" covered="0"/><counter type="COMPLEXITY" missed="1" covered="0"/><counter type="METHOD" missed="1" covered="0"/></method><method name="updateItem" desc="(Ljava/lang/Object;Z)V" line="126"><counter type="INSTRUCTION" missed="20" covered="0"/><counter type="BRANCH" missed="4" covered="0"/><counter type="LINE" missed="6" covered="0"/><counter type="COMPLEXITY" missed="3" covered="0"/><counter type="METHOD" missed="1" covered="0"/></method><counter type="INSTRUCTION" missed="26" covered="0"/><counter type="BRANCH" missed="4" covered="0"/><counter type="LINE" missed="7" covered="0"/><counter type="COMPLEXITY" missed="4" covered="0"/><counter type="METHOD" missed="2" covered="0"/><counter type="CLASS" missed="1" covered="0"/></class><class name="Window/SettingsPage$2" sourcefilename="SettingsPage.java"><method name="&lt;init&gt;" desc="(LWindow/SettingsPage;)V" line="158"><counter type="INSTRUCTION" missed="6" covered="0"/><counter type="LINE" missed="1" covered="0"/><counter type="COMPLEXITY" missed="1" covered="0"/><counter type="METHOD" missed="1" covered="0"/></method><method name="updateItem" desc="(Ljava/lang/Object;Z)V" line="161"><counter type="INSTRUCTION" missed="20" covered="0"/><counter type="BRANCH" missed="4" covered="0"/><counter type="LINE" missed="6" covered="0"/><counter type="COMPLEXITY" missed="3" covered="0"/><counter type="METHOD" missed="1" covered="0"/></method><counter type="INSTRUCTION" missed="26" covered="0"/><counter type="BRANCH" missed="4" covered="0"/><counter type="LINE" missed="7" covered="0"/><counter type="COMPLEXITY" missed="4" covered="0"/><counter type="METHOD" missed="2" covered="0"/><counter type="CLASS" missed="1" covered="0"/></class><class name="Window/PlayPage" sourcefilename="PlayPage.java"><method name="&lt;init&gt;" desc="(Ljava/lang/Object;)V" line="62"><counter type="INSTRUCTION" missed="0" covered="4"/><counter type="LINE" missed="0" covered="2"/><counter type="COMPLEXITY" missed="0" covered="1"/><counter type="METHOD" missed="0" covered="1"/></method><method name="initComponent" desc="()V" line="72"><counter type="INSTRUCTION" missed="93" covered="0"/><counter type="LINE" missed="17" covered="0"/><counter type="COMPLEXITY" missed="1" covered="0"/><counter type="METHOD" missed="1" covered="0"/></method><method name="drawContent" desc="()Ljava/lang/Object;" line="123"><counter type="INSTRUCTION" missed="51" covered="0"/><counter type="LINE" missed="11" covered="0"/><counter type="COMPLEXITY" missed="1" covered="0"/><counter type="METHOD" missed="1" covered="0"/></method><method name="onAfterDraw" desc="()V" line="147"><counter type="INSTRUCTION" missed="1" covered="0"/><counter type="LINE" missed="1" covered="0"/><counter type="COMPLEXITY" missed="1" covered="0"/><counter type="METHOD" missed="1" covered="0"/></method><method name="getPlayBoard" desc="()LHexxagon/View/IPlayBoard;" line="154"><counter type="INSTRUCTION" missed="3" covered="0"/><counter type="LINE" missed="1" covered="0"/><counter type="COMPLEXITY" missed="1" covered="0"/><counter type="METHOD" missed="1" covered="0"/></method><method name="getInfoBoard" desc="()LHexxagon/View/IInfoBoard;" line="162"><counter type="INSTRUCTION" missed="3" covered="0"/><counter type="LINE" missed="1" covered="0"/><counter type="COMPLEXITY" missed="1" covered="0"/><counter type="METHOD" missed="1" covered="0"/></method><method name="getFaceBoard" desc="()LHexxagon/View/IFaceBoard;" line="171"><counter type="INSTRUCTION" missed="3" covered="0"/><counter type="LINE" missed="1" covered="0"/><counter type="COMPLEXITY" missed="1" covered="0"/><counter type="METHOD" missed="1" covered="0"/></method><method name="modelPropertyChange" desc="(Ljava/beans/PropertyChangeEvent;)V" line="180"><counter type="INSTRUCTION" missed="4" covered="0"/><counter type="LINE" missed="2" covered="0"/><counter type="COMPLEXITY" missed="1" covered="0"/><counter type="METHOD" missed="1" covered="0"/></method><method name="lambda$initComponent$0" desc="(Ljavafx/scene/input/MouseEvent;)V" line="76"><counter type="INSTRUCTION" missed="16" covered="0"/><counter type="LINE" missed="7" covered="0"/><counter type="COMPLEXITY" missed="1" covered="0"/><counter type="METHOD" missed="1" covered="0"/></method><method name="&lt;clinit&gt;" desc="()V" line="31"><counter type="INSTRUCTION" missed="0" covered="4"/><counter type="LINE" missed="0" covered="1"/><counter type="COMPLEXITY" missed="0" covered="1"/><counter type="METHOD" missed="0" covered="1"/></method><counter type="INSTRUCTION" missed="174" covered="8"/><counter type="LINE" missed="41" covered="3"/><counter type="COMPLEXITY" missed="8" covered="2"/><counter type="METHOD" missed="8" covered="2"/><counter type="CLASS" missed="0" covered="1"/></class><class name="Window/Storage$BoardModeItem$PlayerRow" sourcefilename="Storage.java"><method name="&lt;init&gt;" desc="(BLjava/lang/String;Z)V" line="507"><counter type="INSTRUCTION" missed="10" covered="26"/><counter type="BRANCH" missed="2" covered="2"/><counter type="LINE" missed="2" covered="10"/><counter type="COMPLEXITY" missed="2" covered="1"/><counter type="METHOD" missed="0" covered="1"/></method><method name="getColor" desc="()Ljava/lang/String;" line="548"><counter type="INSTRUCTION" missed="3" covered="0"/><counter type="LINE" missed="1" covered="0"/><counter type="COMPLEXITY" missed="1" covered="0"/><counter type="METHOD" missed="1" covered="0"/></method><method name="getIndex" desc="()B" line="556"><counter type="INSTRUCTION" missed="3" covered="0"/><counter type="LINE" missed="1" covered="0"/><counter type="COMPLEXITY" missed="1" covered="0"/><counter type="METHOD" missed="1" covered="0"/></method><method name="isAuto" desc="()Z" line="564"><counter type="INSTRUCTION" missed="0" covered="3"/><counter type="LINE" missed="0" covered="1"/><counter type="COMPLEXITY" missed="0" covered="1"/><counter type="METHOD" missed="0" covered="1"/></method><method name="equals" desc="(Ljava/lang/Object;)Z" line="576"><counter type="INSTRUCTION" missed="8" covered="20"/><counter type="BRANCH" missed="4" covered="4"/><counter type="LINE" missed="4" covered="6"/><counter type="COMPLEXITY" missed="4" covered="1"/><counter type="METHOD" missed="0" covered="1"/></method><counter type="INSTRUCTION" missed="24" covered="49"/><counter type="BRANCH" missed="6" covered="6"/><counter type="LINE" missed="8" covered="17"/><counter type="COMPLEXITY" missed="8" covered="3"/><counter type="METHOD" missed="2" covered="3"/><counter type="CLASS" missed="0" covered="1"/></class><class name="Window/TSelectItem" sourcefilename="TSelectItem.java"><method name="&lt;init&gt;" desc="(I)V" line="27"><counter type="INSTRUCTION" missed="0" covered="4"/><counter type="LINE" missed="0" covered="2"/><counter type="COMPLEXITY" missed="0" covered="1"/><counter type="METHOD" missed="0" covered="1"/></method><method name="&lt;init&gt;" desc="(ILjava/lang/Object;Ljava/lang/String;)V" line="38"><counter type="INSTRUCTION" missed="0" covered="8"/><counter type="LINE" missed="0" covered="3"/><counter type="COMPLEXITY" missed="0" covered="1"/><counter type="METHOD" missed="0" covered="1"/></method><method name="getCaption" desc="()Ljava/lang/String;" line="48"><counter type="INSTRUCTION" missed="0" covered="3"/><counter type="LINE" missed="0" covered="1"/><counter type="COMPLEXITY" missed="0" covered="1"/><counter type="METHOD" missed="0" covered="1"/></method><method name="setCaption" desc="(Ljava/lang/String;)V" line="57"><counter type="INSTRUCTION" missed="4" covered="0"/><counter type="LINE" missed="2" covered="0"/><counter type="COMPLEXITY" missed="1" covered="0"/><counter type="METHOD" missed="1" covered="0"/></method><counter type="INSTRUCTION" missed="4" covered="15"/><counter type="LINE" missed="2" covered="6"/><counter type="COMPLEXITY" missed="1" covered="3"/><counter type="METHOD" missed="1" covered="3"/><counter type="CLASS" missed="0" covered="1"/></class><class name="Window/IInfoPage" sourcefilename="IInfoPage.java"/><class name="Window/IStorage$IBoardModeItem" sourcefilename="IStorage.java"/><class name="Window/Storage$BoardModeItem" sourcefilename="Storage.java"><method name="&lt;init&gt;" desc="(I)V" line="304"><counter type="INSTRUCTION" missed="0" covered="21"/><counter type="BRANCH" missed="0" covered="2"/><counter type="LINE" missed="0" covered="7"/><counter type="COMPLEXITY" missed="0" covered="2"/><counter type="METHOD" missed="0" covered="1"/></method><method name="isAIPlayerAdded" desc="()Z" line="340"><counter type="INSTRUCTION" missed="0" covered="19"/><counter type="BRANCH" missed="0" covered="4"/><counter type="LINE" missed="0" covered="5"/><counter type="COMPLEXITY" missed="0" covered="3"/><counter type="METHOD" missed="0" covered="1"/></method><method name="getIndex" desc="()I" line="354"><counter type="INSTRUCTION" missed="0" covered="3"/><counter type="LINE" missed="0" covered="1"/><counter type="COMPLEXITY" missed="0" covered="1"/><counter type="METHOD" missed="0" covered="1"/></method><method name="setIndex" desc="(I)V" line="363"><counter type="INSTRUCTION" missed="0" covered="11"/><counter type="BRANCH" missed="0" covered="2"/><counter type="LINE" missed="0" covered="4"/><counter type="COMPLEXITY" missed="0" covered="2"/><counter type="METHOD" missed="0" covered="1"/></method><method name="getCaption" desc="()Ljava/lang/String;" line="376"><counter type="INSTRUCTION" missed="0" covered="3"/><counter type="LINE" missed="0" covered="1"/><counter type="COMPLEXITY" missed="0" covered="1"/><counter type="METHOD" missed="0" covered="1"/></method><method name="setCaption" desc="(Ljava/lang/String;)V" line="385"><counter type="INSTRUCTION" missed="0" covered="11"/><counter type="BRANCH" missed="0" covered="2"/><counter type="LINE" missed="0" covered="4"/><counter type="COMPLEXITY" missed="0" covered="2"/><counter type="METHOD" missed="0" covered="1"/></method><method name="getBoard" desc="()[[B" line="397"><counter type="INSTRUCTION" missed="0" covered="3"/><counter type="LINE" missed="0" covered="1"/><counter type="COMPLEXITY" missed="0" covered="1"/><counter type="METHOD" missed="0" covered="1"/></method><method name="setBoard" desc="([[B)V" line="406"><counter type="INSTRUCTION" missed="0" covered="11"/><counter type="BRANCH" missed="0" covered="2"/><counter type="LINE" missed="0" covered="4"/><counter type="COMPLEXITY" missed="0" covered="2"/><counter type="METHOD" missed="0" covered="1"/></method><method name="getHumanPlayerCount" desc="()I" line="419"><counter type="INSTRUCTION" missed="0" covered="20"/><counter type="BRANCH" missed="0" covered="4"/><counter type="LINE" missed="0" covered="6"/><counter type="COMPLEXITY" missed="0" covered="3"/><counter type="METHOD" missed="0" covered="1"/></method><method name="getAutoPlayerCount" desc="()I" line="433"><counter type="INSTRUCTION" missed="0" covered="20"/><counter type="BRANCH" missed="0" covered="4"/><counter type="LINE" missed="0" covered="6"/><counter type="COMPLEXITY" missed="0" covered="3"/><counter type="METHOD" missed="0" covered="1"/></method><method name="addPlayer" desc="(BLjava/lang/String;Z)V" line="448"><counter type="INSTRUCTION" missed="5" covered="34"/><counter type="BRANCH" missed="1" covered="5"/><counter type="LINE" missed="1" covered="8"/><counter type="COMPLEXITY" missed="1" covered="3"/><counter type="METHOD" missed="0" covered="1"/></method><method name="getPlayerList" desc="()Ljava/util/ArrayList;" line="470"><counter type="INSTRUCTION" missed="3" covered="0"/><counter type="LINE" missed="1" covered="0"/><counter type="COMPLEXITY" missed="1" covered="0"/><counter type="METHOD" missed="1" covered="0"/></method><method name="equals" desc="(Ljava/lang/Object;)Z" line="478"><counter type="INSTRUCTION" missed="6" covered="22"/><counter type="BRANCH" missed="3" covered="5"/><counter type="LINE" missed="3" covered="7"/><counter type="COMPLEXITY" missed="3" covered="2"/><counter type="METHOD" missed="0" covered="1"/></method><counter type="INSTRUCTION" missed="14" covered="178"/><counter type="BRANCH" missed="4" covered="30"/><counter type="LINE" missed="5" covered="54"/><counter type="COMPLEXITY" missed="5" covered="25"/><counter type="METHOD" missed="1" covered="12"/><counter type="CLASS" missed="0" covered="1"/></class><class name="Window/Container" sourcefilename="Container.java"><method name="&lt;init&gt;" desc="(Ljavafx/scene/layout/Pane;)V" line="90"><counter type="INSTRUCTION" missed="0" covered="19"/><counter type="BRANCH" missed="0" covered="2"/><counter type="LINE" missed="0" covered="6"/><counter type="COMPLEXITY" missed="0" covered="2"/><counter type="METHOD" missed="0" covered="1"/></method><method name="setStorage" desc="(LWindow/IStorage;)V" line="109"><counter type="INSTRUCTION" missed="0" covered="15"/><counter type="BRANCH" missed="0" covered="2"/><counter type="LINE" missed="0" covered="5"/><counter type="COMPLEXITY" missed="0" covered="2"/><counter type="METHOD" missed="0" covered="1"/></method><method name="getStorage" desc="()LWindow/IStorage;" line="123"><counter type="INSTRUCTION" missed="0" covered="3"/><counter type="LINE" missed="0" covered="1"/><counter type="COMPLEXITY" missed="0" covered="1"/><counter type="METHOD" missed="0" covered="1"/></method><method name="setInfoPage" desc="(LWindow/IInfoPage;)V" line="132"><counter type="INSTRUCTION" missed="15" covered="0"/><counter type="BRANCH" missed="2" covered="0"/><counter type="LINE" missed="5" covered="0"/><counter type="COMPLEXITY" missed="2" covered="0"/><counter type="METHOD" missed="1" covered="0"/></method><method name="setIntroPage" desc="(LWindow/IIntroPage;)V" line="147"><counter type="INSTRUCTION" missed="15" covered="0"/><counter type="BRANCH" missed="2" covered="0"/><counter type="LINE" missed="5" covered="0"/><counter type="COMPLEXITY" missed="2" covered="0"/><counter type="METHOD" missed="1" covered="0"/></method><method name="setSettingsPage" desc="(LWindow/ISettingsPage;)V" line="162"><counter type="INSTRUCTION" missed="15" covered="0"/><counter type="BRANCH" missed="2" covered="0"/><counter type="LINE" missed="5" covered="0"/><counter type="COMPLEXITY" missed="2" covered="0"/><counter type="METHOD" missed="1" covered="0"/></method><method name="setPlayPage" desc="(LWindow/IPlayPage;)V" line="178"><counter type="INSTRUCTION" missed="15" covered="0"/><counter type="BRANCH" missed="2" covered="0"/><counter type="LINE" missed="5" covered="0"/><counter type="COMPLEXITY" missed="2" covered="0"/><counter type="METHOD" missed="1" covered="0"/></method><method name="getInfoPage" desc="()LWindow/IInfoPage;" line="194"><counter type="INSTRUCTION" missed="3" covered="0"/><counter type="LINE" missed="1" covered="0"/><counter type="COMPLEXITY" missed="1" covered="0"/><counter type="METHOD" missed="1" covered="0"/></method><method name="getIntroPage" desc="()LWindow/IIntroPage;" line="202"><counter type="INSTRUCTION" missed="3" covered="0"/><counter type="LINE" missed="1" covered="0"/><counter type="COMPLEXITY" missed="1" covered="0"/><counter type="METHOD" missed="1" covered="0"/></method><method name="getSettingsPage" desc="()LWindow/ISettingsPage;" line="210"><counter type="INSTRUCTION" missed="3" covered="0"/><counter type="LINE" missed="1" covered="0"/><counter type="COMPLEXITY" missed="1" covered="0"/><counter type="METHOD" missed="1" covered="0"/></method><method name="getPlayPage" desc="()LWindow/IPlayPage;" line="218"><counter type="INSTRUCTION" missed="0" covered="3"/><counter type="LINE" missed="0" covered="1"/><counter type="COMPLEXITY" missed="0" covered="1"/><counter type="METHOD" missed="0" covered="1"/></method><method name="showInfoPage" desc="()V" line="226"><counter type="INSTRUCTION" missed="4" covered="0"/><counter type="LINE" missed="2" covered="0"/><counter type="COMPLEXITY" missed="1" covered="0"/><counter type="METHOD" missed="1" covered="0"/></method><method name="showIntroPage" desc="()V" line="234"><counter type="INSTRUCTION" missed="4" covered="0"/><counter type="LINE" missed="2" covered="0"/><counter type="COMPLEXITY" missed="1" covered="0"/><counter type="METHOD" missed="1" covered="0"/></method><method name="showSettingsPage" desc="()V" line="242"><counter type="INSTRUCTION" missed="4" covered="0"/><counter type="LINE" missed="2" covered="0"/><counter type="COMPLEXITY" missed="1" covered="0"/><counter type="METHOD" missed="1" covered="0"/></method><method name="showPlayPage" desc="()V" line="247"><counter type="INSTRUCTION" missed="4" covered="0"/><counter type="LINE" missed="2" covered="0"/><counter type="COMPLEXITY" missed="1" covered="0"/><counter type="METHOD" missed="1" covered="0"/></method><method name="selectDifficulty" desc="(I)V" line="255"><counter type="INSTRUCTION" missed="5" covered="0"/><counter type="LINE" missed="2" covered="0"/><counter type="COMPLEXITY" missed="1" covered="0"/><counter type="METHOD" missed="1" covered="0"/></method><method name="selectBoardMode" desc="(I)V" line="263"><counter type="INSTRUCTION" missed="5" covered="0"/><counter type="LINE" missed="2" covered="0"/><counter type="COMPLEXITY" missed="1" covered="0"/><counter type="METHOD" missed="1" covered="0"/></method><method name="buildGamePlay" desc="()LHexxagon/Model/IGamePlay;" line="275"><counter type="INSTRUCTION" missed="64" covered="0"/><counter type="BRANCH" missed="4" covered="0"/><counter type="LINE" missed="15" covered="0"/><counter type="COMPLEXITY" missed="3" covered="0"/><counter type="METHOD" missed="1" covered="0"/></method><method name="startGame" desc="()V" line="314"><counter type="INSTRUCTION" missed="43" covered="8"/><counter type="BRANCH" missed="1" covered="1"/><counter type="LINE" missed="13" covered="2"/><counter type="COMPLEXITY" missed="1" covered="1"/><counter type="METHOD" missed="0" covered="1"/></method><method name="stopGame" desc="()V" line="346"><counter type="INSTRUCTION" missed="6" covered="0"/><counter type="LINE" missed="3" covered="0"/><counter type="COMPLEXITY" missed="1" covered="0"/><counter type="METHOD" missed="1" covered="0"/></method><method name="&lt;clinit&gt;" desc="()V" line="39"><counter type="INSTRUCTION" missed="0" covered="4"/><counter type="LINE" missed="0" covered="1"/><counter type="COMPLEXITY" missed="0" covered="1"/><counter type="METHOD" missed="0" covered="1"/></method><counter type="INSTRUCTION" missed="208" covered="52"/><counter type="BRANCH" missed="13" covered="5"/><counter type="LINE" missed="66" covered="16"/><counter type="COMPLEXITY" missed="22" covered="8"/><counter type="METHOD" missed="15" covered="6"/><counter type="CLASS" missed="0" covered="1"/></class><class name="Window/Storage" sourcefilename="Storage.java"><method name="&lt;init&gt;" desc="()V" line="29"><counter type="INSTRUCTION" missed="0" covered="24"/><counter type="LINE" missed="0" covered="7"/><counter type="COMPLEXITY" missed="0" covered="1"/><counter type="METHOD" missed="0" covered="1"/></method><method name="getGameData" desc="()LHexxagon/Model/IGameData;" line="65"><counter type="INSTRUCTION" missed="0" covered="3"/><counter type="LINE" missed="0" covered="1"/><counter type="COMPLEXITY" missed="0" covered="1"/><counter type="METHOD" missed="0" covered="1"/></method><method name="setGameData" desc="(LHexxagon/Model/IGameData;)V" line="74"><counter type="INSTRUCTION" missed="0" covered="11"/><counter type="BRANCH" missed="0" covered="2"/><counter type="LINE" missed="0" covered="4"/><counter type="COMPLEXITY" missed="0" covered="2"/><counter type="METHOD" missed="0" covered="1"/></method><method name="getSelectedBoardIndex" desc="()I" line="87"><counter type="INSTRUCTION" missed="3" covered="0"/><counter type="LINE" missed="1" covered="0"/><counter type="COMPLEXITY" missed="1" covered="0"/><counter type="METHOD" missed="1" covered="0"/></method><method name="setSelectedBoardIndex" desc="(I)V" line="97"><counter type="INSTRUCTION" missed="7" covered="20"/><counter type="BRANCH" missed="1" covered="1"/><counter type="LINE" missed="3" covered="2"/><counter type="COMPLEXITY" missed="1" covered="1"/><counter type="METHOD" missed="0" covered="1"/></method><method name="getSelectedDifficultyIndex" desc="()I" line="111"><counter type="INSTRUCTION" missed="3" covered="0"/><counter type="LINE" missed="1" covered="0"/><counter type="COMPLEXITY" missed="1" covered="0"/><counter type="METHOD" missed="1" covered="0"/></method><method name="setSelectedDifficultyIndex" desc="(I)V" line="121"><counter type="INSTRUCTION" missed="7" covered="21"/><counter type="BRANCH" missed="1" covered="1"/><counter type="LINE" missed="3" covered="2"/><counter type="COMPLEXITY" missed="1" covered="1"/><counter type="METHOD" missed="0" covered="1"/></method><method name="addBoardMode" desc="(LWindow/IStorage$IBoardModeItem;)V" line="136"><counter type="INSTRUCTION" missed="5" covered="22"/><counter type="BRANCH" missed="1" covered="3"/><counter type="LINE" missed="1" covered="6"/><counter type="COMPLEXITY" missed="1" covered="2"/><counter type="METHOD" missed="0" covered="1"/></method><method name="addDifficultyType" desc="(IILjava/lang/String;)V" line="156"><counter type="INSTRUCTION" missed="20" covered="30"/><counter type="BRANCH" missed="4" covered="4"/><counter type="LINE" missed="4" covered="8"/><counter type="COMPLEXITY" missed="4" covered="1"/><counter type="METHOD" missed="0" covered="1"/></method><method name="getDifficultyTypeList" desc="()Ljava/util/ArrayList;" line="182"><counter type="INSTRUCTION" missed="0" covered="3"/><counter type="LINE" missed="0" covered="1"/><counter type="COMPLEXITY" missed="0" covered="1"/><counter type="METHOD" missed="0" covered="1"/></method><method name="getBoardModeList" desc="()Ljava/util/ArrayList;" line="190"><counter type="INSTRUCTION" missed="0" covered="3"/><counter type="LINE" missed="0" covered="1"/><counter type="COMPLEXITY" missed="0" covered="1"/><counter type="METHOD" missed="0" covered="1"/></method><method name="isBoardModeExists" desc="(I)Z" line="199"><counter type="INSTRUCTION" missed="3" covered="17"/><counter type="BRANCH" missed="1" covered="3"/><counter type="LINE" missed="2" covered="6"/><counter type="COMPLEXITY" missed="1" covered="2"/><counter type="METHOD" missed="0" covered="1"/></method><method name="getBoardMode" desc="(I)LWindow/IStorage$IBoardModeItem;" line="218"><counter type="INSTRUCTION" missed="10" covered="41"/><counter type="BRANCH" missed="2" covered="4"/><counter type="LINE" missed="2" covered="7"/><counter type="COMPLEXITY" missed="2" covered="2"/><counter type="METHOD" missed="0" covered="1"/></method><method name="isDifficultyExists" desc="(I)Z" line="241"><counter type="INSTRUCTION" missed="0" covered="16"/><counter type="BRANCH" missed="1" covered="3"/><counter type="LINE" missed="0" covered="5"/><counter type="COMPLEXITY" missed="1" covered="2"/><counter type="METHOD" missed="0" covered="1"/></method><method name="getDifficultyValue" desc="(I)I" line="257"><counter type="INSTRUCTION" missed="5" covered="54"/><counter type="BRANCH" missed="1" covered="5"/><counter type="LINE" missed="1" covered="8"/><counter type="COMPLEXITY" missed="1" covered="3"/><counter type="METHOD" missed="0" covered="1"/></method><method name="&lt;clinit&gt;" desc="()V" line="49"><counter type="INSTRUCTION" missed="0" covered="3"/><counter type="LINE" missed="0" covered="1"/><counter type="COMPLEXITY" missed="0" covered="1"/><counter type="METHOD" missed="0" covered="1"/></method><counter type="INSTRUCTION" missed="63" covered="268"/><counter type="BRANCH" missed="12" covered="26"/><counter type="LINE" missed="18" covered="59"/><counter type="COMPLEXITY" missed="14" covered="21"/><counter type="METHOD" missed="2" covered="14"/><counter type="CLASS" missed="0" covered="1"/></class><sourcefile name="JFXPage.java"><line nr="27" mi="0" ci="4" mb="0" cb="0"/><line nr="35" mi="0" ci="3" mb="0" cb="0"/><line nr="36" mi="0" ci="3" mb="0" cb="0"/><line nr="37" mi="0" ci="1" mb="0" cb="0"/><line nr="45" mi="4" ci="0" mb="0" cb="0"/><line nr="54" mi="4" ci="0" mb="0" cb="0"/><line nr="55" mi="4" ci="0" mb="0" cb="0"/><line nr="58" mi="2" ci="0" mb="0" cb="0"/><line nr="59" mi="3" ci="0" mb="0" cb="0"/><line nr="60" mi="2" ci="0" mb="0" cb="0"/><line nr="61" mi="2" ci="0" mb="0" cb="0"/><line nr="62" mi="2" ci="0" mb="0" cb="0"/><line nr="63" mi="3" ci="0" mb="0" cb="0"/><line nr="64" mi="2" ci="0" mb="0" cb="0"/><line nr="65" mi="2" ci="0" mb="0" cb="0"/><line nr="67" mi="2" ci="0" mb="0" cb="0"/><line nr="68" mi="2" ci="0" mb="0" cb="0"/><line nr="69" mi="3" ci="0" mb="0" cb="0"/><line nr="70" mi="2" ci="0" mb="0" cb="0"/><line nr="71" mi="2" ci="0" mb="0" cb="0"/><line nr="72" mi="2" ci="0" mb="0" cb="0"/><line nr="73" mi="2" ci="0" mb="0" cb="0"/><line nr="74" mi="3" ci="0" mb="0" cb="0"/><line nr="75" mi="2" ci="0" mb="0" cb="0"/><line nr="76" mi="2" ci="0" mb="0" cb="0"/><line nr="78" mi="5" ci="0" mb="0" cb="0"/><line nr="80" mi="2" ci="0" mb="0" cb="0"/><line nr="81" mi="2" ci="0" mb="0" cb="0"/><line nr="83" mi="1" ci="0" mb="0" cb="0"/><counter type="INSTRUCTION" missed="62" covered="11"/><counter type="LINE" missed="25" covered="4"/><counter type="COMPLEXITY" missed="2" covered="2"/><counter type="METHOD" missed="2" covered="2"/><counter type="CLASS" missed="0" covered="1"/></sourcefile><sourcefile name="IStorage.java"/><sourcefile name="SettingsPage.java"><line nr="38" mi="0" ci="3" mb="0" cb="0"/><line nr="56" mi="0" ci="8" mb="0" cb="0"/><line nr="65" mi="0" ci="3" mb="0" cb="0"/><line nr="66" mi="0" ci="1" mb="0" cb="0"/><line nr="75" mi="6" ci="0" mb="0" cb="0"/><line nr="76" mi="4" ci="0" mb="0" cb="0"/><line nr="77" mi="4" ci="0" mb="0" cb="0"/><line nr="80" mi="6" ci="0" mb="0" cb="0"/><line nr="81" mi="5" ci="0" mb="0" cb="0"/><line nr="84" mi="3" ci="0" mb="0" cb="0"/><line nr="86" mi="1" ci="0" mb="0" cb="0"/><line nr="87" mi="4" ci="0" mb="0" cb="0"/><line nr="88" mi="1" ci="0" mb="0" cb="0"/><line nr="90" mi="1" ci="0" mb="0" cb="0"/><line nr="93" mi="6" ci="0" mb="0" cb="0"/><line nr="94" mi="5" ci="0" mb="0" cb="0"/><line nr="97" mi="3" ci="0" mb="0" cb="0"/><line nr="99" mi="1" ci="0" mb="0" cb="0"/><line nr="100" mi="4" ci="0" mb="0" cb="0"/><line nr="101" mi="1" ci="0" mb="0" cb="0"/><line nr="103" mi="1" ci="0" mb="0" cb="0"/><line nr="104" mi="4" ci="0" mb="0" cb="0"/><line nr="107" mi="2" ci="0" mb="0" cb="0"/><line nr="108" mi="13" ci="0" mb="2" cb="0"/><line nr="109" mi="6" ci="0" mb="0" cb="0"/><line nr="110" mi="1" ci="0" mb="0" cb="0"/><line nr="111" mi="12" ci="0" mb="0" cb="0"/><line nr="112" mi="4" ci="0" mb="0" cb="0"/><line nr="113" mi="5" ci="0" mb="0" cb="0"/><line nr="115" mi="5" ci="0" mb="0" cb="0"/><line nr="117" mi="4" ci="0" mb="0" cb="0"/><line nr="119" mi="1" ci="0" mb="0" cb="0"/><line nr="120" mi="4" ci="0" mb="0" cb="0"/><line nr="121" mi="1" ci="0" mb="0" cb="0"/><line nr="122" mi="1" ci="0" mb="0" cb="0"/><line nr="123" mi="13" ci="0" mb="0" cb="0"/><line nr="126" mi="4" ci="0" mb="0" cb="0"/><line nr="127" mi="4" ci="0" mb="4" cb="0"/><line nr="129" mi="4" ci="0" mb="0" cb="0"/><line nr="132" mi="3" ci="0" mb="0" cb="0"/><line nr="133" mi="4" ci="0" mb="0" cb="0"/><line nr="135" mi="1" ci="0" mb="0" cb="0"/><line nr="140" mi="2" ci="0" mb="0" cb="0"/><line nr="141" mi="13" ci="0" mb="2" cb="0"/><line nr="142" mi="6" ci="0" mb="0" cb="0"/><line nr="143" mi="1" ci="0" mb="0" cb="0"/><line nr="144" mi="16" ci="0" mb="0" cb="0"/><line nr="145" mi="12" ci="0" mb="0" cb="0"/><line nr="146" mi="4" ci="0" mb="0" cb="0"/><line nr="147" mi="5" ci="0" mb="0" cb="0"/><line nr="149" mi="5" ci="0" mb="0" cb="0"/><line nr="151" mi="4" ci="0" mb="0" cb="0"/><line nr="153" mi="1" ci="0" mb="0" cb="0"/><line nr="154" mi="4" ci="0" mb="0" cb="0"/><line nr="155" mi="1" ci="0" mb="0" cb="0"/><line nr="156" mi="1" ci="0" mb="0" cb="0"/><line nr="157" mi="4" ci="0" mb="0" cb="0"/><line nr="158" mi="13" ci="0" mb="0" cb="0"/><line nr="161" mi="4" ci="0" mb="0" cb="0"/><line nr="162" mi="4" ci="0" mb="4" cb="0"/><line nr="164" mi="4" ci="0" mb="0" cb="0"/><line nr="167" mi="3" ci="0" mb="0" cb="0"/><line nr="168" mi="4" ci="0" mb="0" cb="0"/><line nr="170" mi="1" ci="0" mb="0" cb="0"/><line nr="174" mi="1" ci="0" mb="0" cb="0"/><line nr="182" mi="3" ci="0" mb="0" cb="0"/><line nr="184" mi="4" ci="0" mb="0" cb="0"/><line nr="185" mi="6" ci="0" mb="0" cb="0"/><line nr="186" mi="6" ci="0" mb="0" cb="0"/><line nr="187" mi="6" ci="0" mb="0" cb="0"/><line nr="188" mi="5" ci="0" mb="0" cb="0"/><line nr="191" mi="5" ci="0" mb="0" cb="0"/><line nr="192" mi="5" ci="0" mb="0" cb="0"/><line nr="195" mi="4" ci="0" mb="0" cb="0"/><line nr="196" mi="4" ci="0" mb="0" cb="0"/><line
[...]
missed="3" covered="18"/><counter type="COMPLEXITY" missed="5" covered="10"/><counter type="METHOD" missed="1" covered="7"/><counter type="CLASS" missed="0" covered="1"/></sourcefile><sourcefile name="Heuristic.java"><line nr="20" mi="3" ci="0" mb="0" cb="0"/><line nr="25" mi="148" ci="0" mb="0" cb="0"/><line nr="56" mi="2" ci="0" mb="0" cb="0"/><line nr="58" mi="2" ci="0" mb="2" cb="0"/><line nr="59" mi="5" ci="0" mb="0" cb="0"/><line nr="61" mi="3" ci="0" mb="2" cb="0"/><line nr="62" mi="5" ci="0" mb="0" cb="0"/><line nr="66" mi="3" ci="0" mb="0" cb="0"/><line nr="67" mi="3" ci="0" mb="0" cb="0"/><line nr="68" mi="3" ci="0" mb="0" cb="0"/><line nr="70" mi="1" ci="0" mb="0" cb="0"/><line nr="146" mi="3" ci="0" mb="2" cb="0"/><line nr="147" mi="5" ci="0" mb="0" cb="0"/><line nr="153" mi="6" ci="0" mb="0" cb="0"/><line nr="154" mi="5" ci="0" mb="0" cb="0"/><line nr="155" mi="4" ci="0" mb="0" cb="0"/><line nr="156" mi="5" ci="0" mb="0" cb="0"/><line nr="159" mi="6" ci="0" mb="0" cb="0"/><line nr="160" mi="5" ci="0" mb="0" cb="0"/><line nr="161" mi="4" ci="0" mb="0" cb="0"/><line nr="162" mi="5" ci="0" mb="0" cb="0"/><line nr="164" mi="4" ci="0" mb="0" cb="0"/><line nr="165" mi="6" ci="0" mb="0" cb="0"/><line nr="170" mi="3" ci="0" mb="2" cb="0"/><line nr="171" mi="5" ci="0" mb="2" cb="0"/><line nr="172" mi="2" ci="0" mb="0" cb="0"/><line nr="174" mi="5" ci="0" mb="2" cb="0"/><line nr="176" mi="2" ci="0" mb="0" cb="0"/><line nr="178" mi="5" ci="0" mb="2" cb="0"/><line nr="179" mi="2" ci="0" mb="0" cb="0"/><line nr="182" mi="5" ci="0" mb="0" cb="0"/><line nr="187" mi="9" ci="0" mb="0" cb="0"/><line nr="189" mi="10" ci="0" mb="0" cb="0"/><line nr="190" mi="10" ci="0" mb="0" cb="0"/><line nr="191" mi="10" ci="0" mb="0" cb="0"/><line nr="192" mi="2" ci="0" mb="0" cb="0"/><line nr="255" mi="4" ci="0" mb="2" cb="0"/><line nr="256" mi="2" ci="0" mb="0" cb="0"/><line nr="258" mi="6" ci="0" mb="2" cb="0"/><line nr="259" mi="2" ci="0" mb="0" cb="0"/><line nr="261" mi="5" ci="0" mb="2" cb="0"/><line nr="262" mi="2" ci="0" mb="0" cb="0"/><line nr="265" mi="2" ci="0" mb="0" cb="0"/><line nr="279" mi="8" ci="0" mb="4" cb="0"/><line nr="280" mi="12" ci="0" mb="0" cb="0"/><line nr="284" mi="4" ci="0" mb="0" cb="0"/><line nr="285" mi="2" ci="0" mb="0" cb="0"/><line nr="286" mi="8" ci="0" mb="2" cb="0"/><line nr="287" mi="10" ci="0" mb="2" cb="0"/><line nr="289" mi="7" ci="0" mb="2" cb="0"/><line nr="290" mi="5" ci="0" mb="2" cb="0"/><line nr="291" mi="1" ci="0" mb="0" cb="0"/><line nr="296" mi="2" ci="0" mb="0" cb="0"/><line nr="311" mi="6" ci="0" mb="2" cb="0"/><line nr="312" mi="18" ci="0" mb="0" cb="0"/><line nr="316" mi="16" ci="0" mb="2" cb="0"/><line nr="317" mi="5" ci="0" mb="0" cb="0"/><line nr="318" mi="5" ci="0" mb="0" cb="0"/><line nr="320" mi="6" ci="0" mb="2" cb="0"/><line nr="321" mi="6" ci="0" mb="2" cb="0"/><line nr="322" mi="2" ci="0" mb="0" cb="0"/><line nr="327" mi="2" ci="0" mb="0" cb="0"/><line nr="333" mi="6" ci="0" mb="2" cb="0"/><line nr="334" mi="18" ci="0" mb="0" cb="0"/><line nr="338" mi="16" ci="0" mb="2" cb="0"/><line nr="339" mi="5" ci="0" mb="0" cb="0"/><line nr="340" mi="5" ci="0" mb="0" cb="0"/><line nr="342" mi="6" ci="0" mb="2" cb="0"/><line nr="343" mi="7" ci="0" mb="2" cb="0"/><line nr="344" mi="2" ci="0" mb="0" cb="0"/><line nr="349" mi="2" ci="0" mb="0" cb="0"/><line nr="355" mi="8" ci="0" mb="4" cb="0"/><line nr="356" mi="12" ci="0" mb="0" cb="0"/><line nr="360" mi="4" ci="0" mb="0" cb="0"/><line nr="361" mi="2" ci="0" mb="0" cb="0"/><line nr="362" mi="8" ci="0" mb="2" cb="0"/><line nr="363" mi="10" ci="0" mb="2" cb="0"/><line nr="365" mi="6" ci="0" mb="2" cb="0"/><line nr="366" mi="5" ci="0" mb="2" cb="0"/><line nr="367" mi="1" ci="0" mb="0" cb="0"/><line nr="372" mi="2" ci="0" mb="0" cb="0"/><line nr="390" mi="2" ci="0" mb="0" cb="0"/><line nr="391" mi="1" ci="0" mb="0" cb="0"/><line nr="398" mi="7" ci="0" mb="0" cb="0"/><counter type="INSTRUCTION" missed="589" covered="0"/><counter type="BRANCH" missed="60" covered="0"/><counter type="LINE" missed="84" covered="0"/><counter type="COMPLEXITY" missed="40" covered="0"/><counter type="METHOD" missed="10" covered="0"/><counter type="CLASS" missed="2" covered="0"/></sourcefile><sourcefile name="ImpossibleOperator.java"><line nr="24" mi="0" ci="6" mb="0" cb="0"/><line nr="25" mi="0" ci="1" mb="0" cb="0"/><line nr="39" mi="2" ci="0" mb="2" cb="0"/><line nr="40" mi="5" ci="0" mb="0" cb="0"/><line nr="43" mi="3" ci="0" mb="2" cb="0"/><line nr="44" mi="5" ci="0" mb="0" cb="0"/><line nr="47" mi="8" ci="0" mb="4" cb="0"/><line nr="48" mi="5" ci="0" mb="0" cb="0"/><line nr="52" mi="4" ci="0" mb="0" cb="0"/><line nr="53" mi="8" ci="0" mb="0" cb="0"/><line nr="54" mi="4" ci="0" mb="0" cb="0"/><line nr="56" mi="2" ci="0" mb="0" cb="0"/><line nr="66" mi="2" ci="0" mb="2" cb="0"/><line nr="67" mi="5" ci="0" mb="0" cb="0"/><line nr="70" mi="3" ci="0" mb="2" cb="0"/><line nr="71" mi="5" ci="0" mb="0" cb="0"/><line nr="74" mi="2" ci="0" mb="0" cb="0"/><line nr="83" mi="2" ci="0" mb="2" cb="0"/><line nr="84" mi="5" ci="0" mb="0" cb="0"/><line nr="87" mi="4" ci="0" mb="2" cb="0"/><line nr="88" mi="5" ci="0" mb="0" cb="0"/><line nr="91" mi="2" ci="0" mb="0" cb="0"/><counter type="INSTRUCTION" missed="81" covered="7"/><counter type="BRANCH" missed="16" covered="0"/><counter type="LINE" missed="20" covered="2"/><counter type="COMPLEXITY" missed="11" covered="1"/><counter type="METHOD" missed="3" covered="1"/><counter type="CLASS" missed="0" covered="1"/></sourcefile><sourcefile name="IOperator.java"/><sourcefile name="IHeuristicFactory.java"/><sourcefile name="BoardState.java"><line nr="21" mi="0" ci="4" mb="0" cb="0"/><line nr="39" mi="0" ci="2" mb="0" cb="0"/><line nr="41" mi="0" ci="3" mb="1" cb="1"/><line nr="42" mi="5" ci="0" mb="0" cb="0"/><line nr="44" mi="0" ci="6" mb="1" cb="3"/><line nr="45" mi="5" ci="0" mb="0" cb="0"/><line nr="52" mi="0" ci="3" mb="0" cb="0"/><line nr="53" mi="0" ci="3" mb="0" cb="0"/><line nr="55" mi="0" ci="3" mb="0" cb="0"/><line nr="56" mi="0" ci="1" mb="0" cb="0"/><line nr="69" mi="0" ci="8" mb="0" cb="2"/><line nr="70" mi="0" ci="10" mb="0" cb="2"/><line nr="71" mi="0" ci="6" mb="0" cb="0"/><line nr="72" mi="0" ci="11" mb="1" cb="7"/><line nr="73" mi="2" ci="0" mb="0" cb="0"/><line nr="77" mi="0" ci="2" mb="0" cb="0"/><line nr="88" mi="0" ci="6" mb="0" cb="4"/><line nr="89" mi="0" ci="2" mb="0" cb="0"/><line nr="91" mi="0" ci="2" mb="0" cb="0"/><line nr="100" mi="0" ci="3" mb="0" cb="2"/><line nr="101" mi="0" ci="5" mb="0" cb="0"/><line nr="105" mi="0" ci="9" mb="0" cb="2"/><line nr="106" mi="0" ci="11" mb="0" cb="2"/><line nr="108" mi="0" ci="8" mb="0" cb="2"/><line nr="109" mi="0" ci="2" mb="0" cb="0"/><line nr="115" mi="0" ci="2" mb="0" cb="0"/><line nr="124" mi="0" ci="8" mb="1" cb="3"/><line nr="125" mi="0" ci="2" mb="0" cb="0"/><line nr="128" mi="0" ci="2" mb="0" cb="0"/><line nr="137" mi="0" ci="9" mb="0" cb="2"/><line nr="138" mi="0" ci="11" mb="0" cb="2"/><line nr="139" mi="0" ci="7" mb="0" cb="2"/><line nr="140" mi="0" ci="2" mb="0" cb="0"/><line nr="145" mi="0" ci="2" mb="0" cb="0"/><line nr="154" mi="0" ci="5" mb="0" cb="2"/><line nr="155" mi="0" ci="18" mb="0" cb="0"/><line nr="159" mi="0" ci="5" mb="0" cb="2"/><line nr="160" mi="0" ci="2" mb="0" cb="0"/><line nr="162" mi="0" ci="2" mb="0" cb="0"/><line nr="170" mi="0" ci="9" mb="0" cb="4"/><line nr="171" mi="0" ci="2" mb="0" cb="0"/><line nr="174" mi="0" ci="11" mb="1" cb="3"/><line nr="175" mi="0" ci="2" mb="0" cb="0"/><line nr="177" mi="0" ci="2" mb="0" cb="0"/><line nr="186" mi="0" ci="5" mb="1" cb="1"/><line nr="187" mi="18" ci="0" mb="0" cb="0"/><line nr="191" mi="0" ci="16" mb="1" cb="3"/><line nr="192" mi="0" ci="2" mb="0" cb="0"/><line nr="194" mi="0" ci="2" mb="0" cb="0"/><line nr="203" mi="0" ci="5" mb="1" cb="1"/><line nr="204" mi="18" ci="0" mb="0" cb="0"/><line nr="208" mi="0" ci="7" mb="0" cb="0"/><line nr="218" mi="0" ci="5" mb="0" cb="2"/><line nr="219" mi="0" ci="18" mb="0" cb="0"/><line nr="221" mi="0" ci="11" mb="2" cb="6"/><line nr="222" mi="0" ci="5" mb="0" cb="0"/><line nr="226" mi="0" ci="7" mb="0" cb="0"/><line nr="227" mi="0" ci="1" mb="0" cb="0"/><line nr="235" mi="0" ci="2" mb="0" cb="0"/><line nr="236" mi="0" ci="9" mb="0" cb="2"/><line nr="237" mi="0" ci="11" mb="0" cb="2"/><line nr="238" mi="0" ci="7" mb="0" cb="2"/><line nr="239" mi="0" ci="1" mb="0" cb="0"/><line nr="243" mi="0" ci="2" mb="0" cb="0"/><line nr="252" mi="0" ci="3" mb="0" cb="2"/><line nr="253" mi="0" ci="5" mb="0" cb="0"/><line nr="257" mi="0" ci="2" mb="0" cb="0"/><line nr="258" mi="0" ci="9" mb="0" cb="2"/><line nr="259" mi="0" ci="11" mb="0" cb="2"/><line nr="260" mi="0" ci="8" mb="0" cb="2"/><line nr="261" mi="0" ci="1" mb="0" cb="0"/><line nr="265" mi="0" ci="2" mb="0" cb="0"/><line nr="273" mi="0" ci="2" mb="0" cb="0"/><line nr="275" mi="0" ci="9" mb="0" cb="2"/><line nr="276" mi="0" ci="11" mb="0" cb="2"/><line nr="277" mi="0" ci="23" mb="0" cb="6"/><line nr="278" mi="0" ci="1" mb="0" cb="0"/><line nr="282" mi="0" ci="2" mb="0" cb="0"/><line nr="294" mi="2" ci="0" mb="0" cb="0"/><line nr="295" mi="9" ci="0" mb="2" cb="0"/><line nr="297" mi="11" ci="0" mb="2" cb="0"/><line nr="299" mi="7" ci="0" mb="5" cb="0"/><line nr="301" mi="9" ci="0" mb="0" cb="0"/><line nr="302" mi="1" ci="0" mb="0" cb="0"/><line nr="304" mi="9" ci="0" mb="0" cb="0"/><line nr="305" mi="1" ci="0" mb="0" cb="0"/><line nr="307" mi="9" ci="0" mb="0" cb="0"/><line nr="308" mi="1" ci="0" mb="0" cb="0"/><line nr="310" mi="9" ci="0" mb="0" cb="0"/><line nr="315" mi="9" ci="0" mb="0" cb="0"/><line nr="317" mi="2" ci="0" mb="0" cb="0"/><line nr="364" mi="0" ci="3" mb="0" cb="0"/><line nr="372" mi="0" ci="3" mb="0" cb="0"/><line nr="381" mi="0" ci="4" mb="0" cb="2"/><line nr="382" mi="0" ci="2" mb="0" cb="0"/><line nr="384" mi="0" ci="2" mb="0" cb="0"/><line nr="395" mi="0" ci="2" mb="1" cb="1"/><line nr="396" mi="5" ci="0" mb="0" cb="0"/><line nr="400" mi="0" ci="7" mb="1" cb="1"/><line nr="401" mi="2" ci="0" mb="0" cb="0"/><line nr="405" mi="0" ci="7" mb="0" cb="2"/><line nr="406" mi="0" ci="2" mb="0" cb="0"/><line nr="409" mi="0" ci="2" mb="0" cb="0"/><line nr="415" mi="0" ci="3" mb="1" cb="1"/><line nr="416" mi="2" ci="0" mb="0" cb="0"/><line nr="418" mi="0" ci="2" mb="1" cb="1"/><line nr="419" mi="2" ci="0" mb="0" cb="0"/><line nr="421" mi="0" ci="5" mb="1" cb="1"/><line nr="422" mi="2" ci="0" mb="0" cb="0"/><line nr="424" mi="0" ci="3" mb="0" cb="0"/><line nr="425" mi="0" ci="5" mb="1" cb="1"/><line nr="426" mi="2" ci="0" mb="0" cb="0"/><line nr="428" mi="0" ci="6" mb="1" cb="1"/><line nr="429" mi="2" ci="0" mb="0" cb="0"/><line nr="431" mi="0" ci="2" mb="0" cb="0"/><counter type="INSTRUCTION" missed="144" covered="478"/><counter type="BRANCH" missed="26" covered="95"/><counter type="LINE" missed="25" covered="90"/><counter type="COMPLEXITY" missed="24" covered="59"/><counter type="METHOD" missed="1" covered="20"/><counter type="CLASS" missed="0" covered="1"/></sourcefile><sourcefile name="FissionOperator.java"><line nr="22" mi="0" ci="3" mb="0" cb="0"/><line nr="27" mi="0" ci="52" mb="0" cb="0"/><line nr="42" mi="0" ci="6" mb="0" cb="0"/><line nr="43" mi="0" ci="1" mb="0" cb="0"/><line nr="57" mi="0" ci="2" mb="0" cb="2"/><line nr="58" mi="0" ci="5" mb="0" cb="0"/><line nr="61" mi="0" ci="3" mb="1" cb="1"/><line nr="62" mi="5" ci="0" mb="0" cb="0"/><line nr="64" mi="4" ci="4" mb="3" cb="1"/><line nr="65" mi="5" ci="0" mb="0" cb="0"/><line nr="68" mi="0" ci="4" mb="0" cb="0"/><line nr="69" mi="0" ci="4" mb="0" cb="0"/><line nr="72" mi="0" ci="3" mb="0" cb="0"/><line nr="73" mi="0" ci="8" mb="0" cb="2"/><line nr="74" mi="0" ci="10" mb="0" cb="2"/><line nr="75" mi="0" ci="6" mb="0" cb="0"/><line nr="77" mi="0" ci="3" mb="1" cb="1"/><line nr="78" mi="9" ci="0" mb="0" cb="0"/><line nr="80" mi="0" ci="2" mb="1" cb="1"/><line nr="81" mi="0" ci="8" mb="0" cb="0"/><line nr="87" mi="0" ci="4" mb="0" cb="0"/><line nr="88" mi="4" ci="6" mb="1" cb="1"/><line nr="89" mi="10" ci="0" mb="2" cb="0"/><line nr="91" mi="10" ci="0" mb="2" cb="0"/><line nr="92" mi="12" ci="0" mb="0" cb="0"/><line nr="93" mi="4" ci="0" mb="0" cb="0"/><line nr="95" mi="1" ci="0" mb="0" cb="0"/><line nr="96" mi="1" ci="0" mb="0" cb="0"/><line nr="98" mi="0" ci="2" mb="0" cb="0"/><line nr="114" mi="0" ci="16" mb="1" cb="1"/><line nr="117" mi="0" ci="5" mb="0" cb="0"/><line nr="118" mi="0" ci="5" mb="0" cb="0"/><line nr="120" mi="0" ci="6" mb="0" cb="4"/><line nr="121" mi="0" ci="2" mb="0" cb="0"/><line nr="124" mi="2" ci="0" mb="0" cb="0"/><line nr="141" mi="4" ci="0" mb="0" cb="0"/><line nr="142" mi="16" ci="0" mb="2" cb="0"/><line nr="144" mi="5" ci="0" mb="0" cb="0"/><line nr="145" mi="5" ci="0" mb="0" cb="0"/><line nr="148" mi="8" ci="0" mb="0" cb="0"/><line nr="152" mi="10" ci="0" mb="2" cb="0"/><line nr="154" mi="8" ci="0" mb="4" cb="0"/><line nr="155" mi="2" ci="0" mb="0" cb="0"/><line nr="157" mi="1" ci="0" mb="0" cb="0"/><line nr="158" mi="2" ci="0" mb="0" cb="0"/><line nr="168" mi="0" ci="2" mb="1" cb="1"/><line nr="169" mi="5" ci="0" mb="0" cb="0"/><line nr="172" mi="0" ci="3" mb="1" cb="1"/><line nr="173" mi="5" ci="0" mb="0" cb="0"/><line nr="177" mi="0" ci="7" mb="1" cb="1"/><line nr="178" mi="3" ci="0" mb="0" cb="0"/><line nr="179" mi="2" ci="0" mb="0" cb="0"/><line nr="183" mi="0" ci="7" mb="0" cb="2"/><line nr="184" mi="0" ci="3" mb="0" cb="0"/><line nr="185" mi="0" ci="2" mb="0" cb="0"/><line nr="189" mi="0" ci="10" mb="1" cb="3"/><line nr="190" mi="0" ci="3" mb="0" cb="0"/><line nr="191" mi="0" ci="2" mb="0" cb="0"/><line nr="195" mi="0" ci="9" mb="1" cb="1"/><line nr="196" mi="21" ci="0" mb="0" cb="0"/><line nr="197" mi="2" ci="0" mb="0" cb="0"/><line nr="201" mi="0" ci="7" mb="0" cb="2"/><line nr="202" mi="0" ci="3" mb="0" cb="0"/><line nr="203" mi="0" ci="2" mb="0" cb="0"/><line nr="207" mi="0" ci="10" mb="1" cb="1"/><line nr="208" mi="28" ci="0" mb="0" cb="0"/><line nr="209" mi="2" ci="0" mb="0" cb="0"/><line nr="212" mi="0" ci="2" mb="0" cb="0"/><line nr="222" mi="0" ci="2" mb="1" cb="1"/><line nr="223" mi="5" ci="0" mb="0" cb="0"/><line nr="226" mi="0" ci="4" mb="0" cb="2"/><line nr="227" mi="0" ci="5" mb="0" cb="0"/><line nr="231" mi="0" ci="3" mb="0" cb="0"/><line nr="232" mi="0" ci="3" mb="0" cb="0"/><line nr="233" mi="0" ci="8" mb="0" cb="2"/><line nr="234" mi="0" ci="10" mb="0" cb="2"/><line nr="236" mi="0" ci="2" mb="0" cb="2"/><line nr="237" mi="0" ci="8" mb="0" cb="0"/><line nr="240" mi="0" ci="6" mb="0" cb="0"/><line nr="241" mi="0" ci="6" mb="0" cb="0"/><line nr="244" mi="0" ci="3" mb="0" cb="0"/><line nr="245" mi="0" ci="3" mb="0" cb="0"/><line nr="246" mi="0" ci="6" mb="0" cb="0"/><line nr="249" mi="0" ci="7" mb="1" cb="1"/><line nr="250" mi="0" ci="8" mb="0" cb="0"/><line nr="253" mi="5" ci="0" mb="0" cb="0"/><line nr="257" mi="0" ci="16" mb="0" cb="2"/><line nr="259" mi="0" ci="6" mb="0" cb="0"/><line nr="260" mi="0" ci="6" mb="0" cb="0"/><line nr="262" mi="0" ci="5" mb="0" cb="2"/><line nr="264" mi="0" ci="5" mb="0" cb="2"/><line nr="265" mi="0" ci="5" mb="0" cb="0"/><line nr="270" mi="0" ci="2" mb="0" cb="0"/><counter type="INSTRUCTION" missed="206" covered="371"/><counter type="BRANCH" missed="28" covered="44"/><counter type="LINE" missed="30" covered="63"/><counter type="COMPLEXITY" missed="22" covered="21"/><counter type="METHOD" missed="1" covered="6"/><counter type="CLASS" missed="0" covered="1"/></sourcefile><sourcefile name="IBoardState.java"/><sourcefile name="JumpOperator.java"><line nr="22" mi="0" ci="3" mb="0" cb="0"/><line nr="27" mi="0" ci="100" mb="0" cb="0"/><line nr="44" mi="0" ci="6" mb="0" cb="0"/><line nr="45" mi="0" ci="1" mb="0" cb="0"/><line nr="59" mi="0" ci="2" mb="0" cb="2"/><line nr="60" mi="0" ci="5" mb="0" cb="0"/><line nr="63" mi="0" ci="3" mb="1" cb="1"/><line nr="64" mi="5" ci="0" mb="0" cb="0"/><line nr="67" mi="4" ci="4" mb="3" cb="1"/><line nr="68" mi="5" ci="0" mb="0" cb="0"/><line nr="71" mi="0" ci="4" mb="0" cb="0"/><line nr="72" mi="0" ci="4" mb="0" cb="0"/><line nr="75" mi="0" ci="3" mb="0" cb="0"/><line nr="76" mi="0" ci="8" mb="0" cb="2"/><line nr="77" mi="0" ci="10" mb="0" cb="2"/><line nr="78" mi="0" ci="6" mb="0" cb="0"/><line nr="80" mi="0" ci="3" mb="1" cb="1"/><line nr="81" mi="9" ci="0" mb="0" cb="0"/><line nr="83" mi="0" ci="2" mb="1" cb="1"/><line nr="84" mi="0" ci="8" mb="0" cb="0"/><line nr="90" mi="0" ci="4" mb="0" cb="0"/><line nr="91" mi="4" ci="6" mb="1" cb="1"/><line nr="92" mi="10" ci="0" mb="2" cb="0"/><line nr="94" mi="10" ci="0" mb="2" cb="0"/><line nr="95" mi="12" ci="0" mb="0" cb="0"/><line nr="96" mi="4" ci="0" mb="0" cb="0"/><line nr="98" mi="1" ci="0" mb="0" cb="0"/><line nr="99" mi="1" ci="0" mb="0" cb="0"/><line nr="101" mi="0" ci="2" mb="0" cb="0"/><line nr="117" mi="0" ci="16" mb="1" cb="1"/><line nr="118" mi="0" ci="5" mb="0" cb="0"/><line nr="119" mi="0" ci="5" mb="0" cb="0"/><line nr="121" mi="0" ci="6" mb="0" cb="4"/><line nr="122" mi="0" ci="2" mb="0" cb="0"/><line nr="125" mi="2" ci="0" mb="0" cb="0"/><line nr="135" mi="0" ci="2" mb="1" cb="1"/><line nr="136" mi="5" ci="0" mb="0" cb="0"/><line nr="139" mi="0" ci="3" mb="1" cb="1"/><line nr="140" mi="5" ci="0" mb="0" cb="0"/><line nr="144" mi="0" ci="7" mb="1" cb="1"/><line nr="145" mi="2" ci="0" mb="0" cb="0"/><line nr="149" mi="0" ci="7" mb="0" cb="2"/><line nr="150" mi="0" ci="2" mb="0" cb="0"/><line nr="154" mi="0" ci="10" mb="1" cb="3"/><line nr="155" mi="0" ci="2" mb="0" cb="0"/><line nr="159" mi="0" ci="9" mb="1" cb="1"/><line nr="160" mi="21" ci="0" mb="0" cb="0"/><line nr="161" mi="2" ci="0" mb="0" cb="0"/><line nr="165" mi="0" ci="7" mb="0" cb="2"/><line nr="166" mi="0" ci="3" mb="0" cb="0"/><line nr="167" mi="0" ci="2" mb="0" cb="0"/><line nr="171" mi="0" ci="10" mb="1" cb="1"/><line nr="172" mi="3" ci="0" mb="0" cb="0"/><line nr="173" mi="2" ci="0" mb="0" cb="0"/><line nr="176" mi="0" ci="2" mb="0" cb="0"/><line nr="185" mi="0" ci="2" mb="1" cb="1"/><line nr="186" mi="5" ci="0" mb="0" cb="0"/><line nr="189" mi="0" ci="4" mb="1" cb="1"/><line nr="190" mi="0" ci="5" mb="0" cb="0"/><line nr="194" mi="3" ci="0" mb="0" cb="0"/><line nr="195" mi="3" ci="0" mb="0" cb="0"/><line nr="196" mi="8" ci="0" mb="2" cb="0"/><line nr="197" mi="10" ci="0" mb="2" cb="0"/><line nr="199" mi="2" ci="0" mb="2" cb="0"/><line nr="200" mi="8" ci="0" mb="0" cb="0"/><line nr="203" mi="6" ci="0" mb="0" cb="0"/><line nr="204" mi="6" ci="0" mb="0" cb="0"/><line nr="207" mi="3" ci="0" mb="0" cb="0"/><line nr="208" mi="3" ci="0" mb="0" cb="0"/><line nr="209" mi="6" ci="0" mb="0" cb="0"/><line nr="212" mi="7" ci="0" mb="2" cb="0"/><line nr="213" mi="8" ci="0" mb="0" cb="0"/><line nr="216" mi="5" ci="0" mb="0" cb="0"/><line nr="220" mi="16" ci="0" mb="2" cb="0"/><line nr="222" mi="6" ci="0" mb="0" cb="0"/><line nr="223" mi="6" ci="0" mb="0" cb="0"/><line nr="225" mi="5" ci="0" mb="2" cb="0"/><line nr="227" mi="5" ci="0" mb="2" cb="0"/><line nr="228" mi="5" ci="0" mb="0" cb="0"/><line nr="234" mi="7" ci="0" mb="0" cb="0"/><line nr="236" mi="2" ci="0" mb="0" cb="0"/><counter type="INSTRUCTION" missed="242" covered="295"/><counter type="BRANCH" missed="34" covered="30"/><counter type="LINE" missed="40" covered="41"/><counter type="COMPLEXITY" missed="24" covered="14"/><counter type="METHOD" missed="0" covered="6"/><counter type="CLASS" missed="0" covered="1"/></sourcefile><counter type="INSTRUCTION" missed="1756" covered="1269"/><counter type="BRANCH" missed="241" covered="178"/><counter type="LINE" missed="307" covered="214"/><counter type="COMPLEXITY" missed="172" covered="105"/><counter type="METHOD" missed="26" covered="40"/><counter type="CLASS" missed="4" covered="5"/></package><counter type="INSTRUCTION" missed="12972" covered="3048"/><counter type="BRANCH" missed="992" covered="359"/><counter type="LINE" missed="2335" covered="617"/><counter type="COMPLEXITY" missed="886" covered="267"/><counter type="METHOD" missed="332" covered="144"/><counter type="CLASS" missed="25" covered="28"/></report>